2012-09-02 22:17:34 [INFO] Starting minecraft server version 1.3.2
2012-09-02 22:17:34 [INFO] Loading properties
2012-09-02 22:17:34 [INFO] Default game type: CREATIVE
2012-09-02 22:17:34 [INFO] Generating keypair
2012-09-02 22:17:35 [INFO] Starting Minecraft server on *:25567
2012-09-02 22:17:35 [INFO] This server is running CraftBukkit version git-Bukkit-1.3.2-R0.1-b2352jnks (MC: 1.3.2) (Implementing API version 1.3.2-R0.1)
2012-09-02 22:17:36 [WARNING] Failed to load operators list: java.io.FileNotFoundException: ./ops.txt (No such file or directory)
2012-09-02 22:17:36 [WARNING] Failed to load white-list: java.io.FileNotFoundException: ./white-list.txt (No such file or directory)
2012-09-02 22:17:36 [INFO] Preparing level "world"
2012-09-02 22:17:36 [INFO] Placed stronghold in INVALID biome at (-27, -66)
2012-09-02 22:17:36 [INFO] Preparing start region for level 0 (Seed: 4994683471075611148)
2012-09-02 22:17:37 [INFO] ----- Bukkit Auto Updater -----
2012-09-02 22:17:37 [INFO] It appears that you're running a Beta Build, when you've specified in bukkit.yml that you prefer to run Recommended Builds.
2012-09-02 22:17:37 [INFO] If you would like to be kept informed about new Beta Build releases, it is recommended that you change 'preferred-channel' in your bukkit.yml to 'beta'.
2012-09-02 22:17:37 [INFO] With that set, you will be told whenever a new version is available for download, so that you can always keep up to date and secure with the latest fixes.
2012-09-02 22:17:37 [INFO] If you would like to disable this warning, simply set 'suggest-channels' to false in bukkit.yml.
2012-09-02 22:17:37 [INFO] ----- ------------------- -----
2012-09-02 22:17:37 [INFO] Preparing spawn area: 4%
2012-09-02 22:17:38 [INFO] Preparing spawn area: 8%
2012-09-02 22:17:39 [INFO] Preparing spawn area: 12%
2012-09-02 22:17:40 [INFO] Preparing spawn area: 20%
2012-09-02 22:17:42 [INFO] Preparing spawn area: 28%
2012-09-02 22:17:43 [INFO] Preparing spawn area: 32%
2012-09-02 22:17:44 [INFO] Preparing spawn area: 40%
2012-09-02 22:17:46 [INFO] Preparing spawn area: 44%
2012-09-02 22:17:47 [INFO] Preparing spawn area: 52%
2012-09-02 22:17:48 [INFO] Preparing spawn area: 61%
2012-09-02 22:17:49 [INFO] Preparing spawn area: 69%
2012-09-02 22:17:50 [INFO] Preparing spawn area: 77%
2012-09-02 22:17:51 [INFO] Preparing spawn area: 81%
2012-09-02 22:17:52 [INFO] Preparing spawn area: 89%
2012-09-02 22:17:53 [INFO] Preparing spawn area: 97%
2012-09-02 22:17:53 [INFO] Preparing start region for level 1 (Seed: 4994683471075611148)
2012-09-02 22:17:54 [INFO] Preparing spawn area: 0%
2012-09-02 22:17:56 [INFO] Preparing spawn area: 3%
2012-09-02 22:17:57 [INFO] Preparing spawn area: 16%
2012-09-02 22:17:58 [INFO] Preparing spawn area: 28%
2012-09-02 22:18:00 [INFO] Preparing spawn area: 36%
2012-09-02 22:18:01 [INFO] Preparing spawn area: 48%
2012-09-02 22:18:02 [INFO] Preparing spawn area: 56%
2012-09-02 22:18:03 [INFO] Preparing spawn area: 73%
2012-09-02 22:18:04 [INFO] Preparing spawn area: 85%
2012-09-02 22:18:05 [INFO] Preparing spawn area: 97%
2012-09-02 22:18:05 [INFO] Preparing start region for level 2 (Seed: 4994683471075611148)
2012-09-02 22:18:06 [INFO] Preparing spawn area: 24%
2012-09-02 22:18:07 [INFO] Preparing spawn area: 57%
2012-09-02 22:18:10 [INFO] Preparing spawn area: 73%
2012-09-02 22:18:11 [INFO] Done (35.459s)! For help, type "help" or "?"
2012-09-02 22:27:58 [WARNING] Can't keep up! Did the system time change, or is the server overloaded?
2012-09-02 22:36:58 [INFO] CONSOLE: Stopping the server..[m
2012-09-02 22:36:58 [INFO] Stopping server
2012-09-02 22:36:58 [WARNING] DSCT: Socket closed
2012-09-02 22:36:58 [INFO] Saving players
2012-09-02 22:36:58 [INFO] Closing listening thread
2012-09-02 22:36:58 [INFO] Saving worlds
2012-09-02 22:36:58 [INFO] Saving chunks for level 'world'/Overworld
2012-09-02 22:37:00 [INFO] Saving chunks for level 'world_nether'/Nether
2012-09-02 22:37:00 [INFO] Saving chunks for level 'world_the_end'/The End
2012-09-02 22:37:06 [INFO] Stopping server
2012-09-02 22:39:07 [INFO] Starting minecraft server version 1.3.2
2012-09-02 22:39:07 [INFO] Loading properties
2012-09-02 22:39:07 [INFO] Default game type: CREATIVE
2012-09-02 22:39:07 [INFO] Generating keypair
2012-09-02 22:39:08 [INFO] Starting Minecraft server on *:25567
2012-09-02 22:39:08 [INFO] This server is running CraftBukkit version git-Bukkit-1.3.2-R0.1-b2352jnks (MC: 1.3.2) (Implementing API version 1.3.2-R0.1)
2012-09-02 22:39:09 [INFO] Preparing level "world"
2012-09-02 22:39:09 [INFO] Preparing start region for level 0 (Seed: 4994683471075611148)
2012-09-02 22:39:11 [INFO] Preparing spawn area: 32%
2012-09-02 22:39:12 [INFO] Preparing spawn area: 97%
2012-09-02 22:39:12 [INFO] Preparing start region for level 1 (Seed: 4994683471075611148)
2012-09-02 22:39:13 [INFO] Preparing spawn area: 8%
2012-09-02 22:39:14 [INFO] Preparing spawn area: 52%
2012-09-02 22:39:14 [INFO] ----- Bukkit Auto Updater -----
2012-09-02 22:39:14 [INFO] It appears that you're running a Beta Build, when you've specified in bukkit.yml that you prefer to run Recommended Builds.
2012-09-02 22:39:14 [INFO] If you would like to be kept informed about new Beta Build releases, it is recommended that you change 'preferred-channel' in your bukkit.yml to 'beta'.
2012-09-02 22:39:14 [INFO] With that set, you will be told whenever a new version is available for download, so that you can always keep up to date and secure with the latest fixes.
2012-09-02 22:39:14 [INFO] If you would like to disable this warning, simply set 'suggest-channels' to false in bukkit.yml.
2012-09-02 22:39:14 [INFO] ----- ------------------- -----
2012-09-02 22:39:15 [INFO] Preparing spawn area: 97%
2012-09-02 22:39:15 [INFO] Preparing start region for level 2 (Seed: 4994683471075611148)
2012-09-02 22:39:16 [INFO] Server permissions file permissions.yml is empty, ignoring it
2012-09-02 22:39:16 [INFO] Done (6.723s)! For help, type "help" or "?"
2012-09-02 22:41:44 [INFO] CONSOLE: Stopping the server..[m
2012-09-02 22:41:44 [INFO] Stopping server
2012-09-02 22:41:44 [INFO] Saving players
2012-09-02 22:41:44 [INFO] Saving worlds
2012-09-02 22:41:44 [WARNING] DSCT: Socket closed
2012-09-02 22:41:44 [INFO] Saving chunks for level 'world'/Overworld
2012-09-02 22:41:44 [INFO] Closing listening thread
2012-09-02 22:41:45 [INFO] Saving chunks for level 'world_nether'/Nether
2012-09-02 22:41:45 [INFO] Saving chunks for level 'world_the_end'/The End
2012-09-02 22:41:45 [INFO] Stopping server
2012-09-02 22:41:45 [INFO] Saving players
2012-09-02 23:04:39 [INFO] Starting minecraft server version 1.3.2
2012-09-02 23:04:39 [INFO] Loading properties
2012-09-02 23:04:39 [INFO] Default game type: CREATIVE
2012-09-02 23:04:39 [INFO] Generating keypair
2012-09-02 23:04:39 [INFO] Starting Minecraft server on *:25567
2012-09-02 23:04:40 [INFO] This server is running CraftBukkit version git-Bukkit-1.3.2-R0.1-b2352jnks (MC: 1.3.2) (Implementing API version 1.3.2-R0.1)
2012-09-02 23:04:40 [INFO] Preparing level "world"
2012-09-02 23:04:40 [INFO] Preparing start region for level 0 (Seed: 4994683471075611148)
2012-09-02 23:04:41 [INFO] Preparing spawn area: 93%
2012-09-02 23:04:41 [INFO] Preparing start region for level 1 (Seed: 4994683471075611148)
2012-09-02 23:04:41 [INFO] ----- Bukkit Auto Updater -----
2012-09-02 23:04:41 [INFO] It appears that you're running a Beta Build, when you've specified in bukkit.yml that you prefer to run Recommended Builds.
2012-09-02 23:04:41 [INFO] If you would like to be kept informed about new Beta Build releases, it is recommended that you change 'preferred-channel' in your bukkit.yml to 'beta'.
2012-09-02 23:04:41 [INFO] With that set, you will be told whenever a new version is available for download, so that you can always keep up to date and secure with the latest fixes.
2012-09-02 23:04:41 [INFO] If you would like to disable this warning, simply set 'suggest-channels' to false in bukkit.yml.
2012-09-02 23:04:41 [INFO] ----- ------------------- -----
2012-09-02 23:04:42 [INFO] Preparing start region for level 2 (Seed: 4994683471075611148)
2012-09-02 23:04:42 [INFO] Preparing spawn area: 69%
2012-09-02 23:04:42 [INFO] Server permissions file permissions.yml is empty, ignoring it
2012-09-02 23:04:42 [INFO] Done (2.433s)! For help, type "help" or "?"
2012-09-02 23:21:18 [INFO] 195 recipes
2012-09-02 23:21:18 [INFO] [xServer] Loading xServer v0.2.7
2012-09-02 23:21:18 [INFO] [xServer] Enabling xServer v0.2.7
2012-09-02 23:21:18 [INFO] [xServer] XServer Version 0.2.6 Initializing
2012-09-02 23:21:18 [SEVERE] [xServer] Failed to create Socket - Client
2012-09-02 23:21:18 [INFO] Server permissions file permissions.yml is empty, ignoring it
2012-09-02 23:21:18 [INFO] [32;1mReload complete.[m
2012-09-02 23:21:20 [INFO] CONSOLE: Stopping the server..[m
2012-09-02 23:21:20 [INFO] Stopping server
2012-09-02 23:21:20 [INFO] [xServer] Disabling xServer v0.2.7
2012-09-02 23:21:20 [SEVERE] [xServer] Couldn't send packet
2012-09-02 23:21:20 [SEVERE] [xServer] Couldn't send packet
2012-09-02 23:21:20 [INFO] [36;1m[XServer] Disconnecting from host[m
2012-09-02 23:21:20 [WARNING] DSCT: Socket closed
2012-09-02 23:21:20 [INFO] Closing listening thread
2012-09-02 23:21:20 [INFO] Saving players
2012-09-02 23:21:20 [INFO] Saving worlds
2012-09-02 23:21:20 [INFO] Saving chunks for level 'world'/Overworld
2012-09-02 23:21:20 [INFO] Saving chunks for level 'world_nether'/Nether
2012-09-02 23:21:20 [INFO] Saving chunks for level 'world_the_end'/The End
2012-09-02 23:27:19 [INFO] Starting minecraft server version 1.3.2
2012-09-02 23:27:19 [INFO] Loading properties
2012-09-02 23:27:19 [INFO] Default game type: CREATIVE
2012-09-02 23:27:19 [INFO] Generating keypair
2012-09-02 23:27:19 [INFO] Starting Minecraft server on *:25567
2012-09-02 23:27:20 [INFO] This server is running CraftBukkit version git-Bukkit-1.3.2-R0.1-b2352jnks (MC: 1.3.2) (Implementing API version 1.3.2-R0.1)
2012-09-02 23:27:20 [INFO] [xServer] Loading xServer v0.2.7
2012-09-02 23:27:20 [INFO] Preparing level "world"
2012-09-02 23:27:20 [INFO] Preparing start region for level 0 (Seed: 4994683471075611148)
2012-09-02 23:27:21 [INFO] Preparing start region for level 1 (Seed: 4994683471075611148)
2012-09-02 23:27:21 [INFO] Preparing spawn area: 3%
2012-09-02 23:27:21 [INFO] ----- Bukkit Auto Updater -----
2012-09-02 23:27:21 [INFO] It appears that you're running a Beta Build, when you've specified in bukkit.yml that you prefer to run Recommended Builds.
2012-09-02 23:27:21 [INFO] If you would like to be kept informed about new Beta Build releases, it is recommended that you change 'preferred-channel' in your bukkit.yml to 'beta'.
2012-09-02 23:27:21 [INFO] With that set, you will be told whenever a new version is available for download, so that you can always keep up to date and secure with the latest fixes.
2012-09-02 23:27:21 [INFO] If you would like to disable this warning, simply set 'suggest-channels' to false in bukkit.yml.
2012-09-02 23:27:21 [INFO] ----- ------------------- -----
2012-09-02 23:27:22 [INFO] Preparing start region for level 2 (Seed: 4994683471075611148)
2012-09-02 23:27:22 [INFO] [xServer] Enabling xServer v0.2.7
2012-09-02 23:27:22 [INFO] [xServer] XServer Version 0.2.6 Initializing
2012-09-02 23:27:22 [INFO] Server permissions file permissions.yml is empty, ignoring it
2012-09-02 23:27:22 [INFO] [xServer] Client connected to localhost:33777
2012-09-02 23:27:22 [INFO] Done (2.316s)! For help, type "help" or "?"
2012-09-02 23:27:26 [INFO] [34;1m[xServer] Tekkit Restricted has connected[m
2012-09-02 23:31:15 [INFO] [34;1m[xServer] Tekkit Restricted has connected[m
2012-09-02 23:33:30 [INFO] [34;1m[xServer] Tekkit Restricted has connected[m
2012-09-02 23:33:30 [INFO] [34;1m[xServer] Tekkit Creative has connected[m
2012-09-02 23:33:41 [INFO] [Tekkit Restricted] mebeme has left the game[m
2012-09-02 23:34:23 [INFO] lluoc[/14.200.158.249:58388] logged in with entity id 234 at ([world] -72.5, 65.62000000476837, 250.5)
2012-09-02 23:34:40 [INFO] Placed stronghold in INVALID biome at (-27, -66)
2012-09-02 23:35:44 [INFO] lluoc lost connection: disconnect.quitting
2012-09-02 23:35:44 [INFO] Connection reset
2012-09-02 23:35:53 [INFO] [Fluid] lluoc has joined the game[m
2012-09-02 23:36:27 [INFO] [Fluid] lluoc has left the game[m
2012-09-02 23:38:57 [INFO] [Tekkit Restricted] mebeme has joined the game[m
2012-09-02 23:41:25 [INFO] [34;1m[xServer] Experiment has connected[m
2012-09-02 23:42:11 [INFO] [Tekkit Restricted] mebeme: Hey[m
2012-09-02 23:42:22 [INFO] [Tekkit Restricted] mebeme: Aww[m
2012-09-02 23:42:43 [INFO] [Tekkit Restricted] mebeme: I suppose I'll hide then.. or just kick me if you need to shut it down xD[m
2012-09-02 23:43:13 [INFO] [Tekkit Restricted] mebeme: What iz that one?[m
2012-09-02 23:43:14 [INFO] [Tekkit Restricted] lluoc has joined the game[m
2012-09-02 23:43:14 [INFO] [Tekkit Restricted] mebeme has left the game[m
2012-09-02 23:43:38 [INFO] [Tekkit Creative] mebeme has joined the game[m
2012-09-02 23:43:51 [INFO] [Tekkit Restricted] lluoc has left the game[m
2012-09-02 23:43:55 [INFO] [Tekkit Creative] lluoc has joined the game[m
2012-09-02 23:44:17 [INFO] [Tekkit Creative] lluoc: hmm, this world is a little ice for creative[m
2012-09-02 23:46:36 [INFO] [Tekkit Creative] mebeme: xD[m
2012-09-02 23:46:48 [INFO] [Tekkit Creative] lluoc: thats better[m
2012-09-02 23:46:57 [INFO] [Tekkit Creative] mebeme: .. How many nukes[m
2012-09-02 23:47:03 [INFO] [Tekkit Creative] lluoc: 6 maybe[m
2012-09-02 23:47:21 [INFO] [Tekkit Creative] lluoc: heh, we tapped oil[m
2012-09-02 23:47:47 [INFO] [Tekkit Creative] lluoc: anyway, the servers are effectivly up. I still habe work to do on them but I'll anounce[m
2012-09-02 23:47:49 [INFO] [Tekkit Creative] lluoc: them now[m
2012-09-02 23:48:13 [INFO] [Tekkit Creative] mebeme: Sweet, so Im fine to swap back over?[m
2012-09-02 23:49:02 [INFO] [Tekkit Creative] mebeme has left the game[m
2012-09-02 23:52:33 [INFO] [Tekkit Creative] lluoc has left the game[m
2012-09-02 23:52:43 [INFO] [Tekkit Restricted] lluoc has joined the game[m
2012-09-02 23:53:29 [INFO] [Tekkit Restricted] lluoc has left the game[m
2012-09-02 23:54:07 [INFO] [Experiment] lluoc has joined the game[m
2012-09-02 23:54:16 [INFO] [Experiment] lluoc has left the game[m
2012-09-02 23:54:58 [INFO] [Tekkit Restricted] adrianjboyer has left the game[m
2012-09-02 23:55:14 [INFO] [Tekkit Creative] adrianjboyer has left the game[m
2012-09-02 23:56:28 [INFO] [Fluid] lluoc has joined the game[m
2012-09-03 00:01:55 [INFO] [Tekkit Restricted] adrianjboyer has joined the game[m
2012-09-03 00:02:01 [INFO] [Fluid] lluoc: say hey[m
2012-09-03 00:02:05 [INFO] [Tekkit Restricted] adrianjboyer: hi[m
2012-09-03 00:02:15 [INFO] [Fluid] lluoc: sorry, I should have mentioned that it was at 3.1.2[m
2012-09-03 00:02:24 [INFO] [Fluid] lluoc: is saw you were trying to connect[m
2012-09-03 00:02:40 [INFO] [Fluid] lluoc: also: *sigh*, i'll have to change the server prefixes[m
2012-09-03 00:02:44 [INFO] [Tekkit Restricted] adrianjboyer: oh well, i made it in the end[m
2012-09-03 00:03:01 [INFO] [Tekkit Restricted] adrianjboyer died[m
2012-09-03 00:03:07 [INFO] [Fluid] lluoc: well that was quick[m
2012-09-03 00:03:19 [INFO] [Fluid] lluoc: by the way, go look at tekkit creative[m
2012-09-03 00:03:26 [INFO] [Tekkit Restricted] adrianjboyer has left the game[m
2012-09-03 00:03:30 [INFO] [Tekkit Creative] adrianjboyer has joined the game[m
2012-09-03 00:03:44 [INFO] [Tekkit Creative] adrianjboyer: what did you do?[m
2012-09-03 00:03:57 [INFO] [Fluid] lluoc: ... I couldn't help myself[m
2012-09-03 00:04:23 [INFO] [Tekkit Creative] adrianjboyer: nukes?[m
2012-09-03 00:04:31 [INFO] [Fluid] lluoc: about 5 of them[m
2012-09-03 00:10:50 [INFO] [Fluid] lluoc: what are you doning in creative btw?[m
2012-09-03 00:11:10 [INFO] [Tekkit Creative] adrianjboyer: testing a theory[m
2012-09-03 00:11:24 [INFO] [Fluid] lluoc: does this theory involve nukes?[m
2012-09-03 00:11:37 [INFO] [Tekkit Creative] adrianjboyer: only one at a time[m
2012-09-03 00:11:52 [INFO] [Fluid] lluoc: ... well i guess i can reset the worlds[m
2012-09-03 00:17:58 [INFO] [Fluid] lluoc died[m
2012-09-03 00:22:51 [INFO] [Fluid] lluoc died[m
2012-09-03 00:23:27 [INFO] [Fluid] lluoc died[m
2012-09-03 00:27:57 [INFO] [Fluid] lluoc: Guess what game I'm playing[m
2012-09-03 00:28:10 [INFO] [Tekkit Creative] adrianjboyer: minecraft?[m
2012-09-03 00:28:25 [INFO] [Fluid] lluoc: More spesific[m
2012-09-03 00:29:04 [INFO] [Fluid] lluoc: 'Minecraft: Where the fuck are all the sheep'[m
2012-09-03 00:31:26 [INFO] [Fluid] lluoc: SHEEP[m
2012-09-03 00:32:35 [INFO] [Tekkit Creative] adrianjboyer has left the game[m
2012-09-03 00:33:42 [INFO] [Fluid] lluoc died[m
2012-09-03 00:40:28 [INFO] [Fluid] lluoc died[m
2012-09-03 00:48:10 [INFO] [Fluid] lluoc died[m
2012-09-03 01:04:07 [INFO] [Fluid] lluoc died[m
2012-09-03 01:16:43 [INFO] [Fluid] lluoc died[m
2012-09-03 01:26:01 [INFO] [Fluid] lluoc died[m
2012-09-03 01:34:29 [INFO] [Fluid] lluoc died[m
2012-09-03 01:42:31 [INFO] [Fluid] lluoc died[m
2012-09-03 02:01:13 [INFO] [Fluid] lluoc died[m
2012-09-03 02:18:50 [INFO] [Fluid] lluoc has left the game[m
2012-09-03 02:56:46 [INFO] [Fluid] lluoc has joined the game[m
2012-09-03 02:57:54 [INFO] [Fluid] lluoc died[m
2012-09-03 03:20:45 [INFO] [Fluid] lluoc died[m
2012-09-03 03:39:29 [INFO] [Tekkit Restricted] nightkhaos has joined the game[m
2012-09-03 03:40:03 [INFO] [Tekkit Restricted] nightkhaos has left the game[m
2012-09-03 03:40:06 [INFO] [Tekkit Restricted] nightkhaos has joined the game[m
2012-09-03 03:41:40 [INFO] [Fluid] lluoc: hey[m
2012-09-03 03:41:47 [INFO] [Tekkit Restricted] nightkhaos: hey[m
2012-09-03 03:42:05 [INFO] [Tekkit Restricted] nightkhaos: s[m
2012-09-03 03:42:11 [INFO] [Fluid] lluoc: ?[m
2012-09-03 03:42:12 [INFO] [Tekkit Restricted] nightkhaos: so, what did you modify?[m
2012-09-03 03:42:40 [INFO] [Fluid] lluoc: um, you know that list i posted.[m
2012-09-03 03:43:04 [INFO] [Fluid] lluoc: well everything on it except the chosen four are set to 0[m
2012-09-03 03:43:13 [INFO] [Fluid] lluoc: there will probably some items you can still make though.[m
2012-09-03 03:43:35 [INFO] [Fluid] lluoc: I get the feeling that they forgot something and I'll have to enable something else to[m
2012-09-03 03:43:46 [INFO] [Fluid] lluoc: let them build the enabled items.[m
2012-09-03 03:44:00 [INFO] [Fluid] lluoc: Also I just spent 4 hours cleaning up a ravine....[m
2012-09-03 03:44:05 [INFO] [Fluid] lluoc died[m
2012-09-03 03:52:36 [INFO] [Tekkit Restricted] nightkhaos has left the game[m
2012-09-03 03:53:01 [INFO] [Tekkit Restricted] nightkhaos has joined the game[m
2012-09-03 03:55:02 [INFO] [Fluid] lluoc: FUUUUU[m
2012-09-03 03:55:05 [INFO] [Fluid] lluoc: sleep[m
2012-09-03 03:55:09 [INFO] [Tekkit Restricted] nightkhaos: me?[m
2012-09-03 03:55:12 [INFO] [Fluid] lluoc: wake up[m
2012-09-03 03:55:17 [INFO] [Fluid] lluoc: creeper next to bed[m
2012-09-03 03:55:22 [INFO] [Fluid] lluoc: destroys bed and chests[m
2012-09-03 03:55:28 [INFO] [Fluid] lluoc: then hunger drops to 0[m
2012-09-03 03:55:29 [INFO] [Fluid] lluoc: ...[m
2012-09-03 03:55:32 [INFO] [Fluid] lluoc: FUUUU[m
2012-09-03 04:03:13 [INFO] [Tekkit Restricted] nightkhaos has left the game[m
2012-09-03 04:03:16 [INFO] [Tekkit Restricted] nightkhaos has joined the game[m
2012-09-03 04:05:45 [INFO] [Fluid] lluoc died[m
2012-09-03 04:28:16 [INFO] [Tekkit Restricted] nightkhaos died[m
2012-09-03 04:28:22 [INFO] [Tekkit Restricted] nightkhaos died[m
2012-09-03 04:28:28 [INFO] [Tekkit Restricted] nightkhaos died[m
2012-09-03 04:29:43 [INFO] [Fluid] lluoc: ?[m
2012-09-03 04:29:51 [INFO] [Tekkit Restricted] nightkhaos: zombie by my bed[m
2012-09-03 04:29:56 [INFO] [Fluid] lluoc: ahh[m
2012-09-03 04:30:15 [INFO] [Fluid] lluoc: oh, is there eclipse phase this week?[m
2012-09-03 04:30:20 [INFO] [Tekkit Restricted] nightkhaos: yes[m
2012-09-03 04:30:26 [INFO] [Fluid] lluoc: k. Same time?[m
2012-09-03 04:30:39 [INFO] [Tekkit Restricted] nightkhaos: maybe eariler[m
2012-09-03 04:30:51 [INFO] [Fluid] lluoc: kk.[m
2012-09-03 04:31:54 [INFO] [Fluid] lluoc: oh hey, did you want op? I can't remember if it was you who asked about it before.[m
2012-09-03 04:32:01 [INFO] [Tekkit Restricted] nightkhaos: yes[m
2012-09-03 04:32:07 [INFO] [Fluid] lluoc: ok, just a sec[m
2012-09-03 04:33:14 [INFO] [Tekkit Restricted] nightkhaos: well, I need sand, lots of sand, to deal with this problem[m
2012-09-03 04:33:30 [INFO] [Fluid] lluoc: hmm, can you try an op command. like  "/time set 0"[m
2012-09-03 04:33:36 [INFO] [Fluid] lluoc: what problem?[m
2012-09-03 04:33:43 [INFO] [Tekkit Restricted] nightkhaos: no premission[m
2012-09-03 04:33:55 [INFO] [Tekkit Restricted] nightkhaos: oh my "house" happens to by right next to a underground ravine[m
2012-09-03 04:34:02 [INFO] [Fluid] lluoc: sigh. I'll have to do it through each server[m
2012-09-03 04:34:20 [INFO] [Fluid] lluoc: My house is in a ravine. Glassing the side? I'm probably going to glass the top of mine[m
2012-09-03 04:34:35 [INFO] [Tekkit Restricted] nightkhaos: no, just trying to get to the bottom of the ravine[m
2012-09-03 04:34:52 [INFO] [Tekkit Restricted] nightkhaos: i'm op[m
2012-09-03 04:35:23 [INFO] [Fluid] lluoc: by the way, using /say will only broudcast to the server you're on.[m
2012-09-03 04:35:35 [INFO] [Tekkit Restricted] nightkhaos: who would I talk to?[m
2012-09-03 04:35:47 [INFO] [Fluid] lluoc: just letting you know[m
2012-09-03 04:35:58 [INFO] CONSOLE: Opped nightkhaos[m
2012-09-03 04:36:40 [INFO] [Fluid] lluoc: Oh, and no putting water in the nether. You know what happens to people who do that.[m
2012-09-03 04:36:51 [INFO] [Tekkit Restricted] nightkhaos: kk[m
2012-09-03 04:37:12 [INFO] [Fluid] ultrajono has joined the game[m
2012-09-03 04:37:16 [INFO] [Fluid] ultrajono: hey lluoc[m
2012-09-03 04:37:16 [INFO] [Fluid] lluoc: hey[m
2012-09-03 04:37:17 [INFO] [Fluid] ultrajono: been a while[m
2012-09-03 04:37:20 [INFO] [Fluid] lluoc: yeah[m
2012-09-03 04:37:25 [INFO] [Fluid] ultrajono: ok, i'm in a tree?[m
2012-09-03 04:37:26 [INFO] [Fluid] lluoc: also nightkhaos is on[m
2012-09-03 04:37:36 [INFO] [Fluid] ultrajono: hey nightkhaos[m
2012-09-03 04:37:39 [INFO] [Tekkit Restricted] nightkhaos: hey[m
2012-09-03 04:37:41 [INFO] [Fluid] ultrajono: how long has this map been up?[m
2012-09-03 04:37:46 [INFO] [Fluid] lluoc: 7 or so hours[m
2012-09-03 04:37:57 [INFO] [Tekkit Restricted] nightkhaos: need moar sand[m
2012-09-03 04:37:58 [INFO] [Fluid] ultrajono: whats going on with the rest of them, i can't log in to anything?[m
2012-09-03 04:38:14 [INFO] [Fluid] lluoc: rest?[m
2012-09-03 04:38:23 [INFO] [Fluid] lluoc: hey[m
2012-09-03 04:38:28 [INFO] [Fluid] ultrajono: the other servers, i think[m
2012-09-03 04:38:41 [INFO] [Fluid] ultrajono: hey lluoc[m
2012-09-03 04:38:45 [INFO] [Fluid] lluoc: you putting in the ports?[m
2012-09-03 04:38:47 [INFO] [Fluid] lluoc: heh[m
2012-09-03 04:38:59 [INFO] [Fluid] lluoc: follows[m
2012-09-03 04:39:01 [INFO] [Fluid] ultrajono: damn new worlds[m
2012-09-03 04:39:22 [INFO] [Fluid] ultrajono: strange, minimap isn't workin[m
2012-09-03 04:39:32 [INFO] [Fluid] ultrajono: holy fudgeballs[m
2012-09-03 04:39:37 [INFO] [Fluid] lluoc: i spent 4 hours smoothing it[m
2012-09-03 04:39:47 [INFO] [Tekkit Restricted] nightkhaos: ha?[m
2012-09-03 04:39:47 [INFO] [Fluid] ultrajono: lost ya[m
2012-09-03 04:40:25 [INFO] [Fluid] ultrajono: this been up for 7 hours, and you've done this?[m
2012-09-03 04:40:27 [INFO] [Fluid] lluoc: nothing really to show yet[m
2012-09-03 04:40:49 [INFO] [Fluid] lluoc: yeah, jsut building my mining shack[m
2012-09-03 04:40:56 [INFO] [Fluid] lluoc: I'll move on to an actual house at some point[m
2012-09-03 04:41:00 [INFO] [Fluid] ultrajono: and the rest of the worlds we've played on?[m
2012-09-03 04:41:17 [INFO] [Fluid] lluoc: ok. The data is still there we jsut can't reach it.[m
2012-09-03 04:41:21 [INFO] [Fluid] ultrajono: well thats balls[m
2012-09-03 04:41:28 [INFO] [Fluid] ultrajono: where are you taylor?[m
2012-09-03 04:41:32 [INFO] [Fluid] lluoc: with the other worlds. Have you put in the port numbers?[m
2012-09-03 04:41:37 [INFO] [Fluid] lluoc: he's on tekkit[m
2012-09-03 04:42:09 [INFO] [Fluid] ultrajono: port numbers?[m
2012-09-03 04:42:40 [INFO] [Fluid] lluoc: ... ok make a new server that connects to 'blocksoc.net:25568'[m
2012-09-03 04:42:49 [INFO] [Fluid] lluoc: the numbers at the end are the port numbers[m
2012-09-03 04:43:07 [INFO] [Fluid] lluoc: the server list is on the facebook post.[m
2012-09-03 04:43:21 [INFO] [Fluid] lluoc: you'll need the tekkit launcher to access the tekkit worlds[m
2012-09-03 04:43:28 [INFO] [Fluid] ultrajono: how many worls total now?[m
2012-09-03 04:43:46 [INFO] [Fluid] lluoc: this, a creative, the experiment world, a tekkit world and a tekkit creative world[m
2012-09-03 04:44:02 [INFO] [Fluid] ultrajono: and where is everybody, or is it all mixed?[m
2012-09-03 04:44:07 [INFO] [Tekkit Restricted] nightkhaos: right, almost at the buttom of the revine[m
2012-09-03 04:44:10 [INFO] [Fluid] lluoc: we can fit 3 more servers[m
2012-09-03 04:44:13 [INFO] [Fluid] lluoc: heh[m
2012-09-03 04:44:18 [INFO] [Fluid] lluoc: I mean 4 more servers[m
2012-09-03 04:44:58 [INFO] [Fluid] lluoc: By the way, i might be able to make server portals work between the bukkit and tekkit worlds[m
2012-09-03 04:45:09 [INFO] [Fluid] ultrajono: oh, that would be impressive, and so much easier[m
2012-09-03 04:45:32 [INFO] [Fluid] lluoc: you need a modified client to do it though. The tekkit client has that mod though.[m
2012-09-03 04:45:35 [INFO] [Fluid] lluoc: may or may not worl[m
2012-09-03 04:48:12 [INFO] [Fluid] lluoc: oh jono, kindly don't kill the sheep[m
2012-09-03 04:48:27 [INFO] [Fluid] lluoc: there is a shear in my chest you're welcome to[m
2012-09-03 04:51:20 [INFO] [Fluid] ultrajono: there are sheep?[m
2012-09-03 04:51:28 [INFO] [Fluid] ultrajono: sorry, just speakin to a mate[m
2012-09-03 04:51:44 [INFO] [Fluid] lluoc: umm, follow the coast more... actually I'll try and get them here[m
2012-09-03 04:51:44 [INFO] [Fluid] ultrajono has left the game[m
2012-09-03 04:51:54 [INFO] [Fluid] ultrajono has joined the game[m
2012-09-03 04:51:56 [INFO] [Fluid] lluoc died[m
2012-09-03 04:52:05 [INFO] [Tekkit Restricted] nightkhaos has left the game[m
2012-09-03 04:52:20 [INFO] [Fluid] ultrajono: ok, so thsi works, i'll be back later to have a look, create my own place[m
2012-09-03 04:52:31 [INFO] [Fluid] ultrajono: i'm guessing by then, you'll have an ender spawner, and a chest full of diamond bricks[m
2012-09-03 04:52:59 [INFO] [Fluid] ultrajono has left the game[m
2012-09-03 04:53:46 [INFO] [Fluid] lluoc has left the game[m
2012-09-03 05:11:43 [INFO] [Experiment] lluoc has joined the game[m
2012-09-03 05:12:23 [INFO] [Experiment] lluoc has left the game[m
2012-09-03 08:12:14 [INFO] [Tekkit Restricted] mebeme has joined the game[m
2012-09-03 08:31:59 [INFO] [Tekkit Restricted] mebeme has left the game[m
2012-09-03 09:01:26 [INFO] [Tekkit Restricted] mebeme has joined the game[m
2012-09-03 09:09:28 [INFO] [Tekkit Restricted] mebeme has left the game[m
2012-09-03 09:10:09 [INFO] [Tekkit Restricted] mebeme has joined the game[m
2012-09-03 09:22:16 [INFO] [Fluid] lluoc has joined the game[m
2012-09-03 09:22:43 [INFO] [Tekkit Restricted] mebeme died[m
2012-09-03 09:23:01 [INFO] [Fluid] lluoc: hey[m
2012-09-03 09:23:04 [INFO] [Tekkit Restricted] mebeme: Hey[m
2012-09-03 09:23:46 [INFO] [Tekkit Restricted] mebeme: The cross server chat thing is wierd :P[m
2012-09-03 09:23:57 [INFO] [Fluid] lluoc: how so?[m
2012-09-03 09:24:08 [INFO] [Tekkit Restricted] mebeme: It's just.. unusual xD[m
2012-09-03 09:24:42 [INFO] [Fluid] lluoc: I'm hearding sheep. Two chickens are folowing me too[m
2012-09-03 09:24:48 [INFO] [Fluid] lluoc: wait, 3...[m
2012-09-03 09:24:54 [INFO] [Fluid] lluoc: the fuck did that one come from[m
2012-09-03 09:25:19 [INFO] [Tekkit Restricted] mebeme: Oh wow[m
2012-09-03 09:25:25 [INFO] [Fluid] lluoc: ?[m
2012-09-03 09:25:29 [INFO] [Tekkit Restricted] mebeme: Mineshaft in the first cave I go in?[m
2012-09-03 09:25:31 [INFO] [Tekkit Restricted] mebeme: Bonus[m
2012-09-03 09:25:38 [INFO] [Fluid] lluoc: heh[m
2012-09-03 09:38:55 [INFO] [Fluid] lluoc died[m
2012-09-03 09:39:08 [INFO] [Fluid] lluoc has left the game[m
2012-09-03 09:41:20 [INFO] [Tekkit Restricted] mebeme has left the game[m
2012-09-03 09:51:03 [INFO] Stopping server
2012-09-03 09:51:03 [INFO] [xServer] Disabling xServer v0.2.7
2012-09-03 09:51:03 [INFO] [36;1m[XServer] Disconnecting from host[m
2012-09-03 09:51:03 [SEVERE] null
java.io.IOException: Input/output error
	at java.io.FileInputStream.readBytes(Native Method)
	at java.io.FileInputStream.read(FileInputStream.java:242)
	at java.io.BufferedInputStream.fill(BufferedInputStream.java:235)
	at java.io.BufferedInputStream.read(BufferedInputStream.java:254)
	at java.io.FilterInputStream.read(FilterInputStream.java:83)
	at org.bukkit.craftbukkit.libs.jline.console.ConsoleReader$1.read(ConsoleReader.java:167)
	at org.bukkit.craftbukkit.libs.jline.internal.InputStreamReader.read(InputStreamReader.java:267)
	at org.bukkit.craftbukkit.libs.jline.internal.InputStreamReader.read(InputStreamReader.java:204)
	at org.bukkit.craftbukkit.libs.jline.console.ConsoleReader.readCharacter(ConsoleReader.java:995)
	at org.bukkit.craftbukkit.libs.jline.console.ConsoleReader.readLine(ConsoleReader.java:1167)
	at net.minecraft.server.ThreadCommandReader.run(ThreadCommandReader.java:31)
2012-09-03 09:51:03 [SEVERE] [xServer] Could not read packet
2012-09-03 10:00:05 [INFO] Starting minecraft server version 1.3.2
2012-09-03 10:00:05 [INFO] Loading properties
2012-09-03 10:00:05 [INFO] Default game type: CREATIVE
2012-09-03 10:00:05 [INFO] Generating keypair
2012-09-03 10:00:06 [INFO] Starting Minecraft server on *:25567
2012-09-03 10:00:06 [INFO] This server is running CraftBukkit version git-Bukkit-1.3.2-R0.1-b2352jnks (MC: 1.3.2) (Implementing API version 1.3.2-R0.1)
2012-09-03 10:00:06 [INFO] [xServer] Loading xServer v0.2.7
2012-09-03 10:00:06 [INFO] Preparing level "world"
2012-09-03 10:00:07 [INFO] Preparing start region for level 0 (Seed: 4994683471075611148)
2012-09-03 10:00:08 [INFO] Preparing spawn area: 97%
2012-09-03 10:00:08 [INFO] Preparing start region for level 1 (Seed: 4994683471075611148)
2012-09-03 10:00:08 [INFO] ----- Bukkit Auto Updater -----
2012-09-03 10:00:08 [INFO] It appears that you're running a Beta Build, when you've specified in bukkit.yml that you prefer to run Recommended Builds.
2012-09-03 10:00:08 [INFO] If you would like to be kept informed about new Beta Build releases, it is recommended that you change 'preferred-channel' in your bukkit.yml to 'beta'.
2012-09-03 10:00:08 [INFO] With that set, you will be told whenever a new version is available for download, so that you can always keep up to date and secure with the latest fixes.
2012-09-03 10:00:08 [INFO] If you would like to disable this warning, simply set 'suggest-channels' to false in bukkit.yml.
2012-09-03 10:00:08 [INFO] ----- ------------------- -----
2012-09-03 10:00:08 [INFO] Preparing start region for level 2 (Seed: 4994683471075611148)
2012-09-03 10:00:09 [INFO] Preparing spawn area: 97%
2012-09-03 10:00:09 [INFO] [xServer] Enabling xServer v0.2.7
2012-09-03 10:00:09 [INFO] [xServer] XServer Version 0.2.6 Initializing
2012-09-03 10:00:09 [INFO] [xServer] Client connected to localhost:33777
2012-09-03 10:00:09 [INFO] Server permissions file permissions.yml is empty, ignoring it
2012-09-03 10:00:09 [INFO] Done (2.388s)! For help, type "help" or "?"
2012-09-03 10:03:10 [INFO] Unknown command. Type "help" for help.[m
2012-09-03 10:03:35 [INFO] CONSOLE: Stopping the server..[m
2012-09-03 10:03:35 [INFO] Stopping server
2012-09-03 10:03:35 [INFO] [xServer] Disabling xServer v0.2.7
2012-09-03 10:03:35 [INFO] [36;1m[XServer] Disconnecting from host[m
2012-09-03 10:03:35 [WARNING] DSCT: Socket closed
2012-09-03 10:03:35 [INFO] Closing listening thread
2012-09-03 10:03:35 [INFO] Saving players
2012-09-03 10:03:35 [INFO] Saving worlds
2012-09-03 10:03:35 [INFO] Saving chunks for level 'world'/Overworld
2012-09-03 10:03:35 [SEVERE] [xServer] Couldn't send packet
2012-09-03 10:03:35 [INFO] Saving chunks for level 'world_nether'/Nether
2012-09-03 10:03:35 [INFO] Saving chunks for level 'world_the_end'/The End
2012-09-03 10:03:35 [INFO] Stopping server
2012-09-03 10:03:35 [INFO] Saving players
2012-09-03 10:03:35 [INFO] Saving worlds
2012-09-03 10:03:35 [INFO] Saving chunks for level 'world'/Overworld
2012-09-03 10:03:42 [INFO] Starting minecraft server version 1.3.2
2012-09-03 10:03:42 [INFO] Loading properties
2012-09-03 10:03:42 [INFO] Default game type: CREATIVE
2012-09-03 10:03:42 [INFO] Generating keypair
2012-09-03 10:03:42 [INFO] Starting Minecraft server on *:25567
2012-09-03 10:03:43 [INFO] This server is running CraftBukkit version git-Bukkit-1.3.2-R0.1-b2352jnks (MC: 1.3.2) (Implementing API version 1.3.2-R0.1)
2012-09-03 10:03:43 [INFO] [xServer] Loading xServer v0.2.7
2012-09-03 10:03:43 [INFO] Preparing level "world"
2012-09-03 10:03:43 [INFO] Preparing start region for level 0 (Seed: 4994683471075611148)
2012-09-03 10:03:44 [INFO] Preparing spawn area: 93%
2012-09-03 10:03:45 [INFO] Preparing start region for level 1 (Seed: 4994683471075611148)
2012-09-03 10:03:45 [INFO] ----- Bukkit Auto Updater -----
2012-09-03 10:03:45 [INFO] It appears that you're running a Beta Build, when you've specified in bukkit.yml that you prefer to run Recommended Builds.
2012-09-03 10:03:45 [INFO] If you would like to be kept informed about new Beta Build releases, it is recommended that you change 'preferred-channel' in your bukkit.yml to 'beta'.
2012-09-03 10:03:45 [INFO] With that set, you will be told whenever a new version is available for download, so that you can always keep up to date and secure with the latest fixes.
2012-09-03 10:03:45 [INFO] If you would like to disable this warning, simply set 'suggest-channels' to false in bukkit.yml.
2012-09-03 10:03:45 [INFO] ----- ------------------- -----
2012-09-03 10:03:45 [INFO] Preparing start region for level 2 (Seed: 4994683471075611148)
2012-09-03 10:03:45 [INFO] Preparing spawn area: 52%
2012-09-03 10:03:46 [INFO] [xServer] Enabling xServer v0.2.7
2012-09-03 10:03:46 [INFO] [xServer] XServer Version 0.2.6 Initializing
2012-09-03 10:03:46 [INFO] [xServer] Client connected to localhost:33777
2012-09-03 10:03:46 [INFO] Server permissions file permissions.yml is empty, ignoring it
2012-09-03 10:03:46 [INFO] Done (2.949s)! For help, type "help" or "?"
2012-09-03 10:04:24 [INFO] CONSOLE: Stopping the server..[m
2012-09-03 10:04:24 [INFO] Stopping server
2012-09-03 10:04:24 [INFO] [xServer] Disabling xServer v0.2.7
2012-09-03 10:04:24 [INFO] [36;1m[XServer] Disconnecting from host[m
2012-09-03 10:04:24 [INFO] Saving players
2012-09-03 10:04:24 [WARNING] DSCT: Socket closed
2012-09-03 10:04:24 [INFO] Closing listening thread
2012-09-03 10:04:24 [INFO] Saving worlds
2012-09-03 10:04:24 [INFO] Saving chunks for level 'world'/Overworld
2012-09-03 10:04:24 [SEVERE] [xServer] Couldn't send packet
2012-09-03 10:04:25 [INFO] Saving chunks for level 'world_nether'/Nether
2012-09-03 10:04:25 [INFO] Saving chunks for level 'world_the_end'/The End
2012-09-03 10:04:25 [INFO] Stopping server
2012-09-03 10:04:25 [INFO] Saving players
2012-09-03 10:04:33 [INFO] Starting minecraft server version 1.3.2
2012-09-03 10:04:33 [INFO] Loading properties
2012-09-03 10:04:33 [INFO] Default game type: CREATIVE
2012-09-03 10:04:33 [INFO] Generating keypair
2012-09-03 10:04:34 [INFO] Starting Minecraft server on *:25567
2012-09-03 10:04:34 [INFO] This server is running CraftBukkit version git-Bukkit-1.3.2-R0.1-b2352jnks (MC: 1.3.2) (Implementing API version 1.3.2-R0.1)
2012-09-03 10:04:34 [INFO] [xServer] Loading xServer v0.2.7
2012-09-03 10:04:34 [INFO] Preparing level "world"
2012-09-03 10:04:34 [INFO] Preparing start region for level 0 (Seed: 4994683471075611148)
2012-09-03 10:04:35 [INFO] Preparing spawn area: 93%
2012-09-03 10:04:35 [INFO] Preparing start region for level 1 (Seed: 4994683471075611148)
2012-09-03 10:04:35 [INFO] ----- Bukkit Auto Updater -----
2012-09-03 10:04:35 [INFO] It appears that you're running a Beta Build, when you've specified in bukkit.yml that you prefer to run Recommended Builds.
2012-09-03 10:04:35 [INFO] If you would like to be kept informed about new Beta Build releases, it is recommended that you change 'preferred-channel' in your bukkit.yml to 'beta'.
2012-09-03 10:04:35 [INFO] With that set, you will be told whenever a new version is available for download, so that you can always keep up to date and secure with the latest fixes.
2012-09-03 10:04:35 [INFO] If you would like to disable this warning, simply set 'suggest-channels' to false in bukkit.yml.
2012-09-03 10:04:35 [INFO] ----- ------------------- -----
2012-09-03 10:04:36 [INFO] Preparing start region for level 2 (Seed: 4994683471075611148)
2012-09-03 10:04:36 [INFO] Preparing spawn area: 97%
2012-09-03 10:04:36 [INFO] [xServer] Enabling xServer v0.2.7
2012-09-03 10:04:36 [INFO] [xServer] XServer Version 0.2.6 Initializing
2012-09-03 10:04:36 [INFO] [xServer] Client connected to localhost:33777
2012-09-03 10:04:36 [INFO] Server permissions file permissions.yml is empty, ignoring it
2012-09-03 10:04:37 [INFO] Done (2.426s)! For help, type "help" or "?"
2012-09-03 10:05:24 [INFO] CONSOLE: Stopping the server..[m
2012-09-03 10:05:24 [INFO] Stopping server
2012-09-03 10:05:24 [INFO] [xServer] Disabling xServer v0.2.7
2012-09-03 10:05:24 [INFO] [36;1m[XServer] Disconnecting from host[m
2012-09-03 10:05:24 [WARNING] DSCT: Socket closed
2012-09-03 10:05:24 [INFO] Closing listening thread
2012-09-03 10:05:24 [INFO] Saving players
2012-09-03 10:05:24 [INFO] Saving worlds
2012-09-03 10:05:24 [INFO] Saving chunks for level 'world'/Overworld
2012-09-03 10:05:24 [SEVERE] [xServer] Couldn't send packet
2012-09-03 10:05:24 [INFO] Saving chunks for level 'world_nether'/Nether
2012-09-03 10:05:24 [INFO] Saving chunks for level 'world_the_end'/The End
2012-09-03 10:05:25 [INFO] Stopping server
2012-09-03 10:05:25 [INFO] Saving players
2012-09-03 10:05:25 [INFO] Saving worlds
2012-09-03 10:05:25 [INFO] Saving chunks for level 'world'/Overworld
2012-09-03 10:05:31 [INFO] Starting minecraft server version 1.3.2
2012-09-03 10:05:31 [INFO] Loading properties
2012-09-03 10:05:31 [INFO] Default game type: CREATIVE
2012-09-03 10:05:31 [INFO] Generating keypair
2012-09-03 10:05:32 [INFO] Starting Minecraft server on *:25567
2012-09-03 10:05:32 [INFO] This server is running CraftBukkit version git-Bukkit-1.3.2-R0.1-b2352jnks (MC: 1.3.2) (Implementing API version 1.3.2-R0.1)
2012-09-03 10:05:32 [INFO] [xServer] Loading xServer v0.2.7
2012-09-03 10:05:33 [INFO] Preparing level "world"
2012-09-03 10:05:33 [INFO] Preparing start region for level 0 (Seed: 4994683471075611148)
2012-09-03 10:05:34 [INFO] Preparing start region for level 1 (Seed: 4994683471075611148)
2012-09-03 10:05:34 [INFO] Preparing spawn area: 8%
2012-09-03 10:05:34 [INFO] Preparing start region for level 2 (Seed: 4994683471075611148)
2012-09-03 10:05:35 [INFO] [xServer] Enabling xServer v0.2.7
2012-09-03 10:05:35 [INFO] [xServer] XServer Version 0.2.6 Initializing
2012-09-03 10:05:35 [INFO] [xServer] Client connected to localhost:33777
2012-09-03 10:05:35 [INFO] Server permissions file permissions.yml is empty, ignoring it
2012-09-03 10:05:35 [INFO] Done (2.344s)! For help, type "help" or "?"
2012-09-03 10:05:36 [INFO] ----- Bukkit Auto Updater -----
2012-09-03 10:05:36 [INFO] It appears that you're running a Beta Build, when you've specified in bukkit.yml that you prefer to run Recommended Builds.
2012-09-03 10:05:36 [INFO] If you would like to be kept informed about new Beta Build releases, it is recommended that you change 'preferred-channel' in your bukkit.yml to 'beta'.
2012-09-03 10:05:36 [INFO] With that set, you will be told whenever a new version is available for download, so that you can always keep up to date and secure with the latest fixes.
2012-09-03 10:05:36 [INFO] If you would like to disable this warning, simply set 'suggest-channels' to false in bukkit.yml.
2012-09-03 10:05:36 [INFO] ----- ------------------- -----
2012-09-03 10:05:37 [INFO] CONSOLE: Stopping the server..[m
2012-09-03 10:05:37 [INFO] Stopping server
2012-09-03 10:05:37 [INFO] [xServer] Disabling xServer v0.2.7
2012-09-03 10:05:37 [INFO] [36;1m[XServer] Disconnecting from host[m
2012-09-03 10:05:37 [WARNING] DSCT: Socket closed
2012-09-03 10:05:37 [INFO] Saving players
2012-09-03 10:05:37 [INFO] Closing listening thread
2012-09-03 10:05:37 [INFO] Saving worlds
2012-09-03 10:05:37 [INFO] Saving chunks for level 'world'/Overworld
2012-09-03 10:05:37 [SEVERE] [xServer] Couldn't send packet
2012-09-03 10:05:37 [INFO] Saving chunks for level 'world_nether'/Nether
2012-09-03 10:05:37 [INFO] Saving chunks for level 'world_the_end'/The End
2012-09-03 10:05:37 [INFO] Stopping server
2012-09-03 10:05:37 [INFO] Saving players
2012-09-03 10:05:37 [INFO] Saving worlds
2012-09-03 10:05:37 [INFO] Saving chunks for level 'world'/Overworld
2012-09-03 10:05:37 [INFO] Saving chunks for level 'world_nether'/Nether
2012-09-03 10:05:52 [INFO] Starting minecraft server version 1.3.2
2012-09-03 10:05:52 [INFO] Loading properties
2012-09-03 10:05:52 [INFO] Default game type: CREATIVE
2012-09-03 10:05:52 [INFO] Generating keypair
2012-09-03 10:05:52 [INFO] Starting Minecraft server on *:25567
2012-09-03 10:05:52 [INFO] This server is running CraftBukkit version git-Bukkit-1.3.2-R0.1-b2352jnks (MC: 1.3.2) (Implementing API version 1.3.2-R0.1)
2012-09-03 10:05:53 [INFO] [xServer] Loading xServer v0.2.7
2012-09-03 10:05:53 [INFO] Preparing level "world"
2012-09-03 10:05:53 [INFO] Preparing start region for level 0 (Seed: 4994683471075611148)
2012-09-03 10:05:54 [INFO] Preparing spawn area: 97%
2012-09-03 10:05:54 [INFO] Preparing start region for level 1 (Seed: 4994683471075611148)
2012-09-03 10:05:54 [INFO] ----- Bukkit Auto Updater -----
2012-09-03 10:05:54 [INFO] It appears that you're running a Beta Build, when you've specified in bukkit.yml that you prefer to run Recommended Builds.
2012-09-03 10:05:54 [INFO] If you would like to be kept informed about new Beta Build releases, it is recommended that you change 'preferred-channel' in your bukkit.yml to 'beta'.
2012-09-03 10:05:54 [INFO] With that set, you will be told whenever a new version is available for download, so that you can always keep up to date and secure with the latest fixes.
2012-09-03 10:05:54 [INFO] If you would like to disable this warning, simply set 'suggest-channels' to false in bukkit.yml.
2012-09-03 10:05:54 [INFO] ----- ------------------- -----
2012-09-03 10:05:55 [INFO] Preparing start region for level 2 (Seed: 4994683471075611148)
2012-09-03 10:05:55 [INFO] Preparing spawn area: 69%
2012-09-03 10:05:55 [INFO] [xServer] Enabling xServer v0.2.7
2012-09-03 10:05:55 [INFO] [xServer] XServer Version 0.2.6 Initializing
2012-09-03 10:05:55 [INFO] [xServer] Client connected to localhost:33777
2012-09-03 10:05:55 [INFO] Server permissions file permissions.yml is empty, ignoring it
2012-09-03 10:05:55 [INFO] Done (2.443s)! For help, type "help" or "?"
2012-09-03 10:05:57 [INFO] CONSOLE: Stopping the server..[m
2012-09-03 10:05:57 [INFO] Stopping server
2012-09-03 10:05:57 [INFO] [xServer] Disabling xServer v0.2.7
2012-09-03 10:05:57 [INFO] [36;1m[XServer] Disconnecting from host[m
2012-09-03 10:05:57 [WARNING] DSCT: Socket closed
2012-09-03 10:05:57 [INFO] Closing listening thread
2012-09-03 10:05:57 [INFO] Saving players
2012-09-03 10:05:57 [INFO] Saving worlds
2012-09-03 10:05:57 [INFO] Saving chunks for level 'world'/Overworld
2012-09-03 10:05:57 [SEVERE] [xServer] Couldn't send packet
2012-09-03 10:05:58 [INFO] Saving chunks for level 'world_nether'/Nether
2012-09-03 10:05:58 [INFO] Saving chunks for level 'world_the_end'/The End
2012-09-03 10:05:58 [INFO] Stopping server
2012-09-03 10:05:58 [INFO] Saving players
2012-09-03 10:09:08 [INFO] Starting minecraft server version 1.3.2
2012-09-03 10:09:08 [INFO] Loading properties
2012-09-03 10:09:08 [INFO] Default game type: CREATIVE
2012-09-03 10:09:08 [INFO] Generating keypair
2012-09-03 10:09:09 [INFO] Starting Minecraft server on *:25567
2012-09-03 10:09:09 [INFO] This server is running CraftBukkit version git-Bukkit-1.3.2-R0.1-b2352jnks (MC: 1.3.2) (Implementing API version 1.3.2-R0.1)
2012-09-03 10:09:09 [INFO] [xServer] Loading xServer v0.2.7
2012-09-03 10:09:09 [INFO] Preparing level "world"
2012-09-03 10:09:10 [INFO] Preparing start region for level 0 (Seed: 4994683471075611148)
2012-09-03 10:09:10 [INFO] Preparing start region for level 1 (Seed: 4994683471075611148)
2012-09-03 10:09:11 [INFO] Preparing spawn area: 12%
2012-09-03 10:09:11 [INFO] ----- Bukkit Auto Updater -----
2012-09-03 10:09:11 [INFO] It appears that you're running a Beta Build, when you've specified in bukkit.yml that you prefer to run Recommended Builds.
2012-09-03 10:09:11 [INFO] If you would like to be kept informed about new Beta Build releases, it is recommended that you change 'preferred-channel' in your bukkit.yml to 'beta'.
2012-09-03 10:09:11 [INFO] With that set, you will be told whenever a new version is available for download, so that you can always keep up to date and secure with the latest fixes.
2012-09-03 10:09:11 [INFO] If you would like to disable this warning, simply set 'suggest-channels' to false in bukkit.yml.
2012-09-03 10:09:11 [INFO] ----- ------------------- -----
2012-09-03 10:09:11 [INFO] Preparing start region for level 2 (Seed: 4994683471075611148)
2012-09-03 10:09:12 [INFO] [xServer] Enabling xServer v0.2.7
2012-09-03 10:09:12 [INFO] [xServer] XServer Version 0.2.6 Initializing
2012-09-03 10:09:12 [INFO] [xServer] Client connected to localhost:33777
2012-09-03 10:09:12 [INFO] Server permissions file permissions.yml is empty, ignoring it
2012-09-03 10:09:12 [INFO] Done (2.303s)! For help, type "help" or "?"
2012-09-03 10:13:36 [INFO] Unknown command. Type "help" for help.[m
2012-09-03 10:13:36 [INFO] CONSOLE: Stopping the server..[m
2012-09-03 10:13:36 [INFO] Stopping server
2012-09-03 10:13:36 [INFO] [xServer] Disabling xServer v0.2.7
2012-09-03 10:13:36 [INFO] [36;1m[XServer] Disconnecting from host[m
2012-09-03 10:13:36 [WARNING] DSCT: Socket closed
2012-09-03 10:13:36 [INFO] Closing listening thread
2012-09-03 10:13:36 [INFO] Saving players
2012-09-03 10:13:36 [INFO] Saving worlds
2012-09-03 10:13:36 [INFO] Saving chunks for level 'world'/Overworld
2012-09-03 10:13:36 [SEVERE] [xServer] Couldn't send packet
2012-09-03 10:13:37 [INFO] Saving chunks for level 'world_nether'/Nether
2012-09-03 10:13:37 [INFO] Saving chunks for level 'world_the_end'/The End
2012-09-03 10:13:37 [INFO] Stopping server
2012-09-03 10:13:37 [INFO] Saving players
2012-09-03 10:13:37 [INFO] Saving worlds
2012-09-03 10:13:37 [INFO] Saving chunks for level 'world'/Overworld
2012-09-03 10:13:42 [INFO] Starting minecraft server version 1.3.2
2012-09-03 10:13:42 [INFO] Loading properties
2012-09-03 10:13:42 [INFO] Default game type: CREATIVE
2012-09-03 10:13:42 [INFO] Generating keypair
2012-09-03 10:13:43 [INFO] Starting Minecraft server on *:25567
2012-09-03 10:13:43 [INFO] This server is running CraftBukkit version git-Bukkit-1.3.2-R0.1-b2352jnks (MC: 1.3.2) (Implementing API version 1.3.2-R0.1)
2012-09-03 10:13:43 [INFO] [xServer] Loading xServer v0.2.7
2012-09-03 10:13:43 [INFO] Preparing level "world"
2012-09-03 10:13:44 [INFO] Preparing start region for level 0 (Seed: 4994683471075611148)
2012-09-03 10:13:45 [INFO] Preparing start region for level 1 (Seed: 4994683471075611148)
2012-09-03 10:13:45 [INFO] Preparing spawn area: 0%
2012-09-03 10:13:45 [INFO] ----- Bukkit Auto Updater -----
2012-09-03 10:13:45 [INFO] It appears that you're running a Beta Build, when you've specified in bukkit.yml that you prefer to run Recommended Builds.
2012-09-03 10:13:45 [INFO] If you would like to be kept informed about new Beta Build releases, it is recommended that you change 'preferred-channel' in your bukkit.yml to 'beta'.
2012-09-03 10:13:45 [INFO] With that set, you will be told whenever a new version is available for download, so that you can always keep up to date and secure with the latest fixes.
2012-09-03 10:13:45 [INFO] If you would like to disable this warning, simply set 'suggest-channels' to false in bukkit.yml.
2012-09-03 10:13:45 [INFO] ----- ------------------- -----
2012-09-03 10:13:46 [INFO] Preparing spawn area: 97%
2012-09-03 10:13:46 [INFO] Preparing start region for level 2 (Seed: 4994683471075611148)
2012-09-03 10:13:46 [INFO] [xServer] Enabling xServer v0.2.7
2012-09-03 10:13:46 [INFO] [xServer] XServer Version 0.2.6 Initializing
2012-09-03 10:13:46 [INFO] [xServer] Client connected to localhost:33777
2012-09-03 10:13:46 [INFO] Server permissions file permissions.yml is empty, ignoring it
2012-09-03 10:13:46 [INFO] Done (2.690s)! For help, type "help" or "?"
2012-09-03 10:13:49 [INFO] Unknown command. Type "help" for help.[m
2012-09-03 10:13:49 [INFO] CONSOLE: Stopping the server..[m
2012-09-03 10:13:49 [INFO] Stopping server
2012-09-03 10:13:49 [INFO] [xServer] Disabling xServer v0.2.7
2012-09-03 10:13:49 [INFO] [36;1m[XServer] Disconnecting from host[m
2012-09-03 10:13:49 [INFO] Saving players
2012-09-03 10:13:49 [INFO] Saving worlds
2012-09-03 10:13:49 [INFO] Saving chunks for level 'world'/Overworld
2012-09-03 10:13:49 [WARNING] DSCT: Socket closed
2012-09-03 10:13:49 [INFO] Closing listening thread
2012-09-03 10:13:49 [INFO] Saving chunks for level 'world_nether'/Nether
2012-09-03 10:13:49 [INFO] Saving chunks for level 'world_the_end'/The End
2012-09-03 10:13:49 [INFO] Stopping server
2012-09-03 10:13:49 [INFO] Saving players
2012-09-03 10:13:49 [INFO] Saving worlds
2012-09-03 10:13:49 [INFO] Saving chunks for level 'world'/Overworld
2012-09-03 10:17:13 [INFO] Starting minecraft server version 1.3.2
2012-09-03 10:17:13 [INFO] Loading properties
2012-09-03 10:17:13 [INFO] Default game type: CREATIVE
2012-09-03 10:17:13 [INFO] Generating keypair
2012-09-03 10:17:13 [INFO] Starting Minecraft server on *:25567
2012-09-03 10:17:14 [INFO] This server is running CraftBukkit version git-Bukkit-1.3.2-R0.1-b2352jnks (MC: 1.3.2) (Implementing API version 1.3.2-R0.1)
2012-09-03 10:17:14 [INFO] [xServer] Loading xServer v0.2.7
2012-09-03 10:17:14 [INFO] Preparing level "world"
2012-09-03 10:17:14 [INFO] Preparing start region for level 0 (Seed: 4994683471075611148)
2012-09-03 10:17:15 [INFO] Preparing spawn area: 93%
2012-09-03 10:17:16 [INFO] Preparing start region for level 1 (Seed: 4994683471075611148)
2012-09-03 10:17:16 [INFO] ----- Bukkit Auto Updater -----
2012-09-03 10:17:16 [INFO] It appears that you're running a Beta Build, when you've specified in bukkit.yml that you prefer to run Recommended Builds.
2012-09-03 10:17:16 [INFO] If you would like to be kept informed about new Beta Build releases, it is recommended that you change 'preferred-channel' in your bukkit.yml to 'beta'.
2012-09-03 10:17:16 [INFO] With that set, you will be told whenever a new version is available for download, so that you can always keep up to date and secure with the latest fixes.
2012-09-03 10:17:16 [INFO] If you would like to disable this warning, simply set 'suggest-channels' to false in bukkit.yml.
2012-09-03 10:17:16 [INFO] ----- ------------------- -----
2012-09-03 10:17:16 [INFO] Preparing spawn area: 77%
2012-09-03 10:17:16 [INFO] Preparing start region for level 2 (Seed: 4994683471075611148)
2012-09-03 10:17:17 [INFO] [xServer] Enabling xServer v0.2.7
2012-09-03 10:17:17 [INFO] [xServer] XServer Version 0.2.6 Initializing
2012-09-03 10:17:17 [SEVERE] [xServer] Failed to create Socket - Client
2012-09-03 10:17:17 [INFO] Server permissions file permissions.yml is empty, ignoring it
2012-09-03 10:17:17 [INFO] Done (2.996s)! For help, type "help" or "?"
2012-09-03 10:17:19 [INFO] [36;1m[XServer]Connected to host[m
2012-09-03 10:17:19 [INFO] [xServer] Client connected to localhost:33777
2012-09-03 10:17:22 [INFO] [34;1m[xServer] Tekkit-C has connected[m
2012-09-03 10:17:22 [INFO] [34;1m[xServer] Tekkit-R has connected[m
2012-09-03 10:20:08 [SEVERE] [xServer] Malformed Packet
2012-09-03 10:20:08 [SEVERE] java.lang.ClassCastException: java.lang.String cannot be cast to java.util.HashMap
2012-09-03 10:20:08 [SEVERE] 	at cbp.double0negative.xServer.client.Client.parse(Client.java:70)
2012-09-03 10:20:08 [SEVERE] 	at cbp.double0negative.xServer.client.Client.run(Client.java:59)
2012-09-03 10:20:08 [INFO] Unknown command. Type "help" for help.[m
2012-09-03 10:20:08 [INFO] CONSOLE: Stopping the server..[m
2012-09-03 10:20:08 [INFO] Stopping server
2012-09-03 10:20:08 [INFO] [xServer] Disabling xServer v0.2.7
2012-09-03 10:20:08 [INFO] [34;1m[xServer] Fluid has disconnected[m
2012-09-03 10:20:08 [SEVERE] [xServer] Malformed Packet
2012-09-03 10:20:08 [SEVERE] java.lang.ClassCastException: java.lang.String cannot be cast to java.util.HashMap
2012-09-03 10:20:08 [SEVERE] 	at cbp.double0negative.xServer.client.Client.parse(Client.java:70)
2012-09-03 10:20:08 [SEVERE] 	at cbp.double0negative.xServer.client.Client.run(Client.java:59)
2012-09-03 10:20:08 [SEVERE] [xServer] Could not read packet
2012-09-03 10:20:08 [INFO] [36;1m[XServer] Disconnecting from host[m
2012-09-03 10:20:08 [WARNING] DSCT: Socket closed
2012-09-03 10:20:08 [INFO] Saving players
2012-09-03 10:20:08 [INFO] Saving worlds
2012-09-03 10:20:08 [INFO] Closing listening thread
2012-09-03 10:20:08 [INFO] Saving chunks for level 'world'/Overworld
2012-09-03 10:20:08 [INFO] Saving chunks for level 'world_nether'/Nether
2012-09-03 10:20:08 [INFO] Saving chunks for level 'world_the_end'/The End
2012-09-03 10:20:09 [INFO] Stopping server
2012-09-03 10:20:09 [INFO] Saving players
2012-09-03 10:20:09 [INFO] Saving worlds
2012-09-03 10:20:09 [INFO] Saving chunks for level 'world'/Overworld
2012-09-03 10:20:25 [INFO] Starting minecraft server version 1.3.2
2012-09-03 10:20:25 [INFO] Loading properties
2012-09-03 10:20:25 [INFO] Default game type: CREATIVE
2012-09-03 10:20:25 [INFO] Generating keypair
2012-09-03 10:20:25 [INFO] Starting Minecraft server on *:25567
2012-09-03 10:20:26 [INFO] This server is running CraftBukkit version git-Bukkit-1.3.2-R0.1-b2352jnks (MC: 1.3.2) (Implementing API version 1.3.2-R0.1)
2012-09-03 10:20:26 [INFO] [xServer] Loading xServer v0.2.7
2012-09-03 10:20:26 [INFO] Preparing level "world"
2012-09-03 10:20:26 [INFO] Preparing start region for level 0 (Seed: 4994683471075611148)
2012-09-03 10:20:27 [INFO] Preparing spawn area: 93%
2012-09-03 10:20:27 [INFO] Preparing start region for level 1 (Seed: 4994683471075611148)
2012-09-03 10:20:28 [INFO] ----- Bukkit Auto Updater -----
2012-09-03 10:20:28 [INFO] It appears that you're running a Beta Build, when you've specified in bukkit.yml that you prefer to run Recommended Builds.
2012-09-03 10:20:28 [INFO] If you would like to be kept informed about new Beta Build releases, it is recommended that you change 'preferred-channel' in your bukkit.yml to 'beta'.
2012-09-03 10:20:28 [INFO] With that set, you will be told whenever a new version is available for download, so that you can always keep up to date and secure with the latest fixes.
2012-09-03 10:20:28 [INFO] If you would like to disable this warning, simply set 'suggest-channels' to false in bukkit.yml.
2012-09-03 10:20:28 [INFO] ----- ------------------- -----
2012-09-03 10:20:28 [INFO] Preparing spawn area: 77%
2012-09-03 10:20:28 [INFO] Preparing start region for level 2 (Seed: 4994683471075611148)
2012-09-03 10:20:29 [INFO] [xServer] Enabling xServer v0.2.7
2012-09-03 10:20:29 [INFO] [xServer] XServer Version 0.2.6 Initializing
2012-09-03 10:20:29 [SEVERE] [xServer] Failed to create Socket - Client
2012-09-03 10:20:29 [INFO] Server permissions file permissions.yml is empty, ignoring it
2012-09-03 10:20:29 [INFO] Done (2.993s)! For help, type "help" or "?"
2012-09-03 10:20:31 [INFO] [36;1m[XServer]Connected to host[m
2012-09-03 10:20:31 [INFO] [xServer] Client connected to localhost:33777
2012-09-03 10:20:33 [INFO] [34;1m[xServer] Tekkit-R has connected[m
2012-09-03 10:20:34 [INFO] [34;1m[xServer] Tekkit-C has connected[m
2012-09-03 10:22:05 [INFO] Unknown command. Type "help" for help.[m
2012-09-03 10:22:05 [INFO] [35;1m[Server] test[m
2012-09-03 10:22:33 [SEVERE] [xServer] Malformed Packet
2012-09-03 10:22:33 [SEVERE] java.lang.ClassCastException: java.lang.String cannot be cast to java.util.HashMap
2012-09-03 10:22:33 [SEVERE] 	at cbp.double0negative.xServer.client.Client.parse(Client.java:70)
2012-09-03 10:22:33 [SEVERE] 	at cbp.double0negative.xServer.client.Client.run(Client.java:59)
2012-09-03 10:22:33 [SEVERE] [xServer] Could not read packet
2012-09-03 10:22:33 [INFO] [31;22m[XServer]Lost Connection to Host[m
2012-09-03 10:22:33 [INFO] Unknown command. Type "help" for help.[m
2012-09-03 10:22:33 [INFO] CONSOLE: Stopping the server..[m
2012-09-03 10:22:33 [INFO] Stopping server
2012-09-03 10:22:33 [INFO] [xServer] Disabling xServer v0.2.7
2012-09-03 10:22:33 [INFO] [36;1m[XServer] Disconnecting from host[m
2012-09-03 10:22:33 [INFO] Saving players
2012-09-03 10:22:33 [WARNING] DSCT: Socket closed
2012-09-03 10:22:33 [INFO] Closing listening thread
2012-09-03 10:22:33 [INFO] Saving worlds
2012-09-03 10:22:33 [INFO] Saving chunks for level 'world'/Overworld
2012-09-03 10:22:33 [INFO] Saving chunks for level 'world_nether'/Nether
2012-09-03 10:22:33 [INFO] Saving chunks for level 'world_the_end'/The End
2012-09-03 10:22:33 [INFO] Stopping server
2012-09-03 10:22:39 [INFO] Starting minecraft server version 1.3.2
2012-09-03 10:22:39 [INFO] Loading properties
2012-09-03 10:22:39 [INFO] Default game type: CREATIVE
2012-09-03 10:22:39 [INFO] Generating keypair
2012-09-03 10:22:40 [INFO] Starting Minecraft server on *:25567
2012-09-03 10:22:40 [INFO] This server is running CraftBukkit version git-Bukkit-1.3.2-R0.1-b2352jnks (MC: 1.3.2) (Implementing API version 1.3.2-R0.1)
2012-09-03 10:22:40 [INFO] [xServer] Loading xServer v0.2.7
2012-09-03 10:22:40 [INFO] Preparing level "world"
2012-09-03 10:22:40 [INFO] Preparing start region for level 0 (Seed: 4994683471075611148)
2012-09-03 10:22:41 [INFO] Preparing spawn area: 81%
2012-09-03 10:22:42 [INFO] ----- Bukkit Auto Updater -----
2012-09-03 10:22:42 [INFO] It appears that you're running a Beta Build, when you've specified in bukkit.yml that you prefer to run Recommended Builds.
2012-09-03 10:22:42 [INFO] If you would like to be kept informed about new Beta Build releases, it is recommended that you change 'preferred-channel' in your bukkit.yml to 'beta'.
2012-09-03 10:22:42 [INFO] With that set, you will be told whenever a new version is available for download, so that you can always keep up to date and secure with the latest fixes.
2012-09-03 10:22:42 [INFO] If you would like to disable this warning, simply set 'suggest-channels' to false in bukkit.yml.
2012-09-03 10:22:42 [INFO] ----- ------------------- -----
2012-09-03 10:22:42 [INFO] Preparing start region for level 1 (Seed: 4994683471075611148)
2012-09-03 10:22:42 [INFO] Preparing spawn area: 77%
2012-09-03 10:22:43 [INFO] Preparing start region for level 2 (Seed: 4994683471075611148)
2012-09-03 10:22:43 [INFO] [xServer] Enabling xServer v0.2.7
2012-09-03 10:22:43 [INFO] [xServer] XServer Version 0.2.6 Initializing
2012-09-03 10:22:43 [SEVERE] [xServer] Failed to create Socket - Client
2012-09-03 10:22:43 [INFO] Server permissions file permissions.yml is empty, ignoring it
2012-09-03 10:22:43 [INFO] Done (2.962s)! For help, type "help" or "?"
2012-09-03 10:22:45 [INFO] [36;1m[XServer]Connected to host[m
2012-09-03 10:22:45 [INFO] [xServer] Client connected to localhost:33777
2012-09-03 10:22:49 [INFO] [34;1m[xServer] Tekkit-R has connected[m
2012-09-03 10:22:49 [INFO] [34;1m[xServer] Tekkit-C has connected[m
2012-09-03 11:26:49 [SEVERE] [xServer] Malformed Packet
2012-09-03 11:26:49 [SEVERE] java.lang.ClassCastException: java.lang.String cannot be cast to java.util.HashMap
2012-09-03 11:26:49 [SEVERE] 	at cbp.double0negative.xServer.client.Client.parse(Client.java:70)
2012-09-03 11:26:49 [SEVERE] 	at cbp.double0negative.xServer.client.Client.run(Client.java:59)
2012-09-03 11:26:49 [SEVERE] [xServer] Malformed Packet
2012-09-03 11:26:49 [SEVERE] java.lang.ClassCastException: java.lang.String cannot be cast to java.util.HashMap
2012-09-03 11:26:49 [SEVERE] 	at cbp.double0negative.xServer.client.Client.parse(Client.java:70)
2012-09-03 11:26:49 [SEVERE] 	at cbp.double0negative.xServer.client.Client.run(Client.java:59)
2012-09-03 11:26:49 [INFO] [34;1m[xServer] Fluid has disconnected[m
2012-09-03 11:26:49 [SEVERE] [xServer] Couldn't send packet
2012-09-03 11:33:08 [INFO] [36;1m[XServer]Connected to host[m
2012-09-03 11:33:08 [INFO] [xServer] Client connected to localhost:33777
2012-09-03 11:33:08 [INFO] [34;1m[xServer] Tekkit-C has connected[m
2012-09-03 11:33:17 [SEVERE] [xServer] Malformed Packet
2012-09-03 11:33:17 [SEVERE] java.lang.ClassCastException: java.lang.String cannot be cast to java.util.HashMap
2012-09-03 11:33:17 [SEVERE] 	at cbp.double0negative.xServer.client.Client.parse(Client.java:70)
2012-09-03 11:33:17 [SEVERE] 	at cbp.double0negative.xServer.client.Client.run(Client.java:59)
2012-09-03 11:33:17 [SEVERE] [xServer] Malformed Packet
2012-09-03 11:33:17 [SEVERE] java.lang.ClassCastException: java.lang.String cannot be cast to java.util.HashMap
2012-09-03 11:33:17 [SEVERE] 	at cbp.double0negative.xServer.client.Client.parse(Client.java:70)
2012-09-03 11:33:17 [SEVERE] 	at cbp.double0negative.xServer.client.Client.run(Client.java:59)
2012-09-03 11:33:17 [INFO] [34;1m[xServer] Fluid has disconnected[m
2012-09-03 11:33:17 [SEVERE] [xServer] Couldn't send packet
2012-09-03 11:35:53 [INFO] Unknown command. Type "help" for help.[m
2012-09-03 11:35:53 [INFO] [35;1m[Server] Starting backup[m
2012-09-03 11:35:53 [INFO] Unknown command. Type "help" for help.[m
2012-09-03 11:35:53 [INFO] CONSOLE: Forcing save..[m
2012-09-03 11:35:53 [INFO] CONSOLE: Save complete.[m
2012-09-03 11:35:53 [INFO] Unknown command. Type "help" for help.[m
2012-09-03 11:35:53 [INFO] CONSOLE: Disabled level saving..[m
2012-09-03 11:35:53 [INFO] Unknown command. Type "help" for help.[m
2012-09-03 11:35:53 [INFO] CONSOLE: Stopping the server..[m
2012-09-03 11:35:53 [INFO] Stopping server
2012-09-03 11:35:53 [INFO] [xServer] Disabling xServer v0.2.7
2012-09-03 11:35:53 [SEVERE] [xServer] Couldn't send packet
2012-09-03 11:35:53 [SEVERE] [xServer] Couldn't send packet
2012-09-03 11:35:53 [INFO] [36;1m[XServer] Disconnecting from host[m
2012-09-03 11:35:53 [INFO] Saving players
2012-09-03 11:35:53 [INFO] Saving worlds
2012-09-03 11:35:53 [INFO] Saving chunks for level 'world'/Overworld
2012-09-03 11:35:53 [WARNING] DSCT: Socket closed
2012-09-03 11:35:53 [INFO] Closing listening thread
2012-09-03 11:35:54 [INFO] Saving chunks for level 'world_nether'/Nether
2012-09-03 11:35:54 [INFO] Saving chunks for level 'world_the_end'/The End
2012-09-03 11:39:02 [INFO] Starting minecraft server version 1.3.2
2012-09-03 11:39:02 [INFO] Loading properties
2012-09-03 11:39:02 [INFO] Default game type: CREATIVE
2012-09-03 11:39:02 [INFO] Generating keypair
2012-09-03 11:39:02 [INFO] Starting Minecraft server on *:25567
2012-09-03 11:39:03 [INFO] This server is running CraftBukkit version git-Bukkit-1.3.2-R0.1-b2352jnks (MC: 1.3.2) (Implementing API version 1.3.2-R0.1)
2012-09-03 11:39:03 [INFO] [xServer] Loading xServer v0.2.7
2012-09-03 11:39:03 [INFO] Preparing level "world"
2012-09-03 11:39:03 [INFO] Preparing start region for level 0 (Seed: 4994683471075611148)
2012-09-03 11:39:05 [INFO] Preparing spawn area: 93%
2012-09-03 11:39:05 [INFO] Preparing start region for level 1 (Seed: 4994683471075611148)
2012-09-03 11:39:05 [INFO] ----- Bukkit Auto Updater -----
2012-09-03 11:39:05 [INFO] It appears that you're running a Beta Build, when you've specified in bukkit.yml that you prefer to run Recommended Builds.
2012-09-03 11:39:05 [INFO] If you would like to be kept informed about new Beta Build releases, it is recommended that you change 'preferred-channel' in your bukkit.yml to 'beta'.
2012-09-03 11:39:05 [INFO] With that set, you will be told whenever a new version is available for download, so that you can always keep up to date and secure with the latest fixes.
2012-09-03 11:39:05 [INFO] If you would like to disable this warning, simply set 'suggest-channels' to false in bukkit.yml.
2012-09-03 11:39:05 [INFO] ----- ------------------- -----
2012-09-03 11:39:06 [INFO] Preparing start region for level 2 (Seed: 4994683471075611148)
2012-09-03 11:39:06 [INFO] Preparing spawn area: 0%
2012-09-03 11:39:06 [INFO] [xServer] Enabling xServer v0.2.7
2012-09-03 11:39:06 [INFO] [xServer] XServer Version 0.2.6 Initializing
2012-09-03 11:39:06 [INFO] [xServer] Client connected to localhost:33777
2012-09-03 11:39:06 [INFO] Server permissions file permissions.yml is empty, ignoring it
2012-09-03 11:39:06 [INFO] Done (3.124s)! For help, type "help" or "?"
2012-09-03 11:39:06 [INFO] Unknown command. Type "help" for help.[m
2012-09-03 11:39:06 [INFO] CONSOLE: Enabled level saving..[m
2012-09-03 11:39:06 [INFO] Unknown command. Type "help" for help.[m
2012-09-03 11:39:06 [INFO] CONSOLE: Forcing save..[m
2012-09-03 11:39:06 [INFO] CONSOLE: Save complete.[m
2012-09-03 11:39:06 [INFO] Unknown command. Type "help" for help.[m
2012-09-03 11:39:06 [INFO] [35;1m[Server] Backup complete[m
2012-09-03 11:39:07 [INFO] [34;1m[xServer] Experiment has connected[m
2012-09-03 11:39:12 [INFO] [34;1m[xServer] Tekkit-R has connected[m
2012-09-03 11:39:12 [INFO] [34;1m[xServer] Tekkit-C has connected[m
2012-09-03 11:39:26 [INFO] Unknown command. Type "help" for help.[m
2012-09-03 11:39:26 [INFO] [35;1m[Server] Starting backup[m
2012-09-03 11:39:26 [INFO] Unknown command. Type "help" for help.[m
2012-09-03 11:39:26 [INFO] CONSOLE: Forcing save..[m
2012-09-03 11:39:26 [INFO] CONSOLE: Save complete.[m
2012-09-03 11:39:26 [INFO] Unknown command. Type "help" for help.[m
2012-09-03 11:39:26 [INFO] CONSOLE: Disabled level saving..[m
2012-09-03 11:39:26 [INFO] Unknown command. Type "help" for help.[m
2012-09-03 11:39:26 [INFO] CONSOLE: Stopping the server..[m
2012-09-03 11:39:26 [INFO] Stopping server
2012-09-03 11:39:26 [INFO] [xServer] Disabling xServer v0.2.7
2012-09-03 11:39:26 [INFO] [36;1m[XServer] Disconnecting from host[m
2012-09-03 11:39:26 [SEVERE] [xServer] Could not read packet
2012-09-03 11:39:26 [WARNING] DSCT: Socket closed
2012-09-03 11:39:26 [INFO] Closing listening thread
2012-09-03 11:39:26 [INFO] Saving players
2012-09-03 11:39:26 [INFO] Saving worlds
2012-09-03 11:39:26 [INFO] Saving chunks for level 'world'/Overworld
2012-09-03 11:39:27 [INFO] Saving chunks for level 'world_nether'/Nether
2012-09-03 11:39:27 [INFO] Saving chunks for level 'world_the_end'/The End
2012-09-03 11:39:31 [INFO] Starting minecraft server version 1.3.2
2012-09-03 11:39:31 [INFO] Loading properties
2012-09-03 11:39:31 [INFO] Default game type: CREATIVE
2012-09-03 11:39:31 [INFO] Generating keypair
2012-09-03 11:39:31 [INFO] Starting Minecraft server on *:25567
2012-09-03 11:39:32 [INFO] This server is running CraftBukkit version git-Bukkit-1.3.2-R0.1-b2352jnks (MC: 1.3.2) (Implementing API version 1.3.2-R0.1)
2012-09-03 11:39:32 [INFO] [xServer] Loading xServer v0.2.7
2012-09-03 11:39:32 [INFO] Preparing level "world"
2012-09-03 11:39:32 [INFO] Preparing start region for level 0 (Seed: 4994683471075611148)
2012-09-03 11:39:33 [INFO] Preparing spawn area: 93%
2012-09-03 11:39:33 [INFO] Preparing start region for level 1 (Seed: 4994683471075611148)
2012-09-03 11:39:33 [INFO] ----- Bukkit Auto Updater -----
2012-09-03 11:39:33 [INFO] It appears that you're running a Beta Build, when you've specified in bukkit.yml that you prefer to run Recommended Builds.
2012-09-03 11:39:33 [INFO] If you would like to be kept informed about new Beta Build releases, it is recommended that you change 'preferred-channel' in your bukkit.yml to 'beta'.
2012-09-03 11:39:33 [INFO] With that set, you will be told whenever a new version is available for download, so that you can always keep up to date and secure with the latest fixes.
2012-09-03 11:39:33 [INFO] If you would like to disable this warning, simply set 'suggest-channels' to false in bukkit.yml.
2012-09-03 11:39:33 [INFO] ----- ------------------- -----
2012-09-03 11:39:34 [INFO] Preparing spawn area: 48%
2012-09-03 11:39:34 [INFO] Preparing start region for level 2 (Seed: 4994683471075611148)
2012-09-03 11:39:35 [INFO] [xServer] Enabling xServer v0.2.7
2012-09-03 11:39:35 [INFO] [xServer] XServer Version 0.2.6 Initializing
2012-09-03 11:39:35 [INFO] [xServer] Client connected to localhost:33777
2012-09-03 11:39:35 [INFO] Server permissions file permissions.yml is empty, ignoring it
2012-09-03 11:39:35 [INFO] Done (3.390s)! For help, type "help" or "?"
2012-09-03 11:39:35 [INFO] Unknown command. Type "help" for help.[m
2012-09-03 11:39:35 [INFO] CONSOLE: Enabled level saving..[m
2012-09-03 11:39:35 [INFO] Unknown command. Type "help" for help.[m
2012-09-03 11:39:35 [INFO] CONSOLE: Forcing save..[m
2012-09-03 11:39:35 [INFO] CONSOLE: Save complete.[m
2012-09-03 11:39:35 [INFO] Unknown command. Type "help" for help.[m
2012-09-03 11:39:35 [INFO] [35;1m[Server] Backup complete[m
2012-09-03 11:39:36 [INFO] [34;1m[xServer] Experiment has connected[m
2012-09-03 11:39:40 [INFO] [34;1m[xServer] Tekkit-R has connected[m
2012-09-03 11:39:40 [INFO] [34;1m[xServer] Tekkit-C has connected[m
2012-09-03 11:43:04 [SEVERE] [xServer] Malformed Packet
2012-09-03 11:43:04 [SEVERE] java.lang.ClassCastException: java.lang.String cannot be cast to java.util.HashMap
2012-09-03 11:43:04 [SEVERE] 	at cbp.double0negative.xServer.client.Client.parse(Client.java:70)
2012-09-03 11:43:04 [SEVERE] 	at cbp.double0negative.xServer.client.Client.run(Client.java:59)
2012-09-03 11:43:04 [SEVERE] [xServer] Malformed Packet
2012-09-03 11:43:04 [SEVERE] java.lang.ClassCastException: java.lang.String cannot be cast to java.util.HashMap
2012-09-03 11:43:04 [SEVERE] 	at cbp.double0negative.xServer.client.Client.parse(Client.java:70)
2012-09-03 11:43:04 [SEVERE] 	at cbp.double0negative.xServer.client.Client.run(Client.java:59)
2012-09-03 11:43:04 [INFO] Unknown command. Type "help" for help.[m
2012-09-03 11:43:04 [INFO] CONSOLE: Stopping the server..[m
2012-09-03 11:43:04 [INFO] Stopping server
2012-09-03 11:43:04 [INFO] [xServer] Disabling xServer v0.2.7
2012-09-03 11:43:04 [INFO] [34;1m[xServer] Experiment has disconnected[m
2012-09-03 11:43:04 [SEVERE] [xServer] Malformed Packet
2012-09-03 11:43:04 [SEVERE] java.lang.ClassCastException: java.lang.String cannot be cast to java.util.HashMap
2012-09-03 11:43:04 [SEVERE] 	at cbp.double0negative.xServer.client.Client.parse(Client.java:70)
2012-09-03 11:43:04 [SEVERE] 	at cbp.double0negative.xServer.client.Client.run(Client.java:59)
2012-09-03 11:43:04 [SEVERE] [xServer] Couldn't send packet
2012-09-03 11:43:04 [SEVERE] [xServer] Could not read packet
2012-09-03 11:43:04 [INFO] [36;1m[XServer] Disconnecting from host[m
2012-09-03 11:43:04 [INFO] Saving players
2012-09-03 11:43:04 [WARNING] DSCT: Socket closed
2012-09-03 11:43:04 [INFO] Closing listening thread
2012-09-03 11:43:04 [INFO] Saving worlds
2012-09-03 11:43:04 [INFO] Saving chunks for level 'world'/Overworld
2012-09-03 11:43:04 [INFO] Saving chunks for level 'world_nether'/Nether
2012-09-03 11:43:04 [INFO] Saving chunks for level 'world_the_end'/The End
