[2012-09-02 22:57:05] Log opened
[2012-09-02 22:57:28] Loaded world info for world
[2012-09-02 22:57:28] Loaded world info for world_the_end
[2012-09-02 22:57:28] Loaded world info for world_nether
[2012-09-02 23:04:42] Log opened
[2012-09-02 23:04:47] Loaded world info for world
[2012-09-02 23:04:47] Loaded world info for world_the_end
[2012-09-02 23:04:47] Loaded world info for world_nether
[2012-09-02 23:24:42] Log opened
[2012-09-02 23:24:46] Loaded world info for world
[2012-09-02 23:24:46] Loaded world info for world_the_end
[2012-09-02 23:24:46] Loaded world info for world_nether
[2012-09-02 23:27:22] Log opened
[2012-09-02 23:27:26] Loaded world info for world
[2012-09-02 23:27:26] Loaded world info for world_the_end
[2012-09-02 23:27:26] Loaded world info for world_nether
[2012-09-02 23:31:11] Log opened
[2012-09-02 23:31:15] Loaded world info for world
[2012-09-02 23:31:15] Loaded world info for world_the_end
[2012-09-02 23:31:15] Loaded world info for world_nether
[2012-09-02 23:33:26] Log opened
[2012-09-02 23:33:30] Loaded world info for world
[2012-09-02 23:33:30] Loaded world info for world_the_end
[2012-09-02 23:33:30] Loaded world info for world_nether
[2012-09-03 10:17:17] Log opened
[2012-09-03 10:17:22] Loaded world info for world
[2012-09-03 10:17:22] Loaded world info for world_the_end
[2012-09-03 10:17:22] Loaded world info for world_nether
[2012-09-03 10:20:29] Log opened
[2012-09-03 10:20:33] Loaded world info for world
[2012-09-03 10:20:34] Loaded world info for world_the_end
[2012-09-03 10:20:34] Loaded world info for world_nether
[2012-09-03 10:22:43] Log opened
[2012-09-03 10:22:49] Loaded world info for world
[2012-09-03 10:22:49] Loaded world info for world_the_end
[2012-09-03 10:22:49] Loaded world info for world_nether
[2012-09-03 11:39:06] Log opened
[2012-09-03 11:39:12] Loaded world info for world
[2012-09-03 11:39:12] Loaded world info for world_the_end
[2012-09-03 11:39:12] Loaded world info for world_nether
[2012-09-03 11:39:35] Log opened
[2012-09-03 11:39:40] Loaded world info for world
[2012-09-03 11:39:40] Loaded world info for world_the_end
[2012-09-03 11:39:40] Loaded world info for world_nether
[2012-09-03 12:29:44] Log opened
[2012-09-03 12:29:49] Loaded world info for world
[2012-09-03 12:29:49] Loaded world info for world_the_end
[2012-09-03 12:29:49] Loaded world info for world_nether
[2012-09-03 12:30:54] Log opened
[2012-09-03 12:31:00] Loaded world info for world
[2012-09-03 12:31:00] Loaded world info for world_the_end
[2012-09-03 12:31:00] Loaded world info for world_nether
[2012-09-03 12:31:54] Log opened
[2012-09-03 12:32:00] Loaded world info for world
[2012-09-03 12:32:00] Loaded world info for world_the_end
[2012-09-03 12:32:00] Loaded world info for world_nether
[2012-09-03 12:32:49] Log opened
[2012-09-03 12:32:54] Loaded world info for world
[2012-09-03 12:32:54] Loaded world info for world_the_end
[2012-09-03 12:32:54] Loaded world info for world_nether
[2012-09-03 12:34:12] Log opened
[2012-09-03 12:34:17] Loaded world info for world
[2012-09-03 12:34:17] Loaded world info for world_the_end
[2012-09-03 12:34:17] Loaded world info for world_nether
[2012-09-03 12:35:03] Log opened
[2012-09-03 12:35:08] Loaded world info for world
[2012-09-03 12:35:08] Loaded world info for world_the_end
[2012-09-03 12:35:08] Loaded world info for world_nether
[2012-09-03 12:37:25] Log opened
[2012-09-03 12:37:30] Loaded world info for world
[2012-09-03 12:37:30] Loaded world info for world_the_end
[2012-09-03 12:37:30] Loaded world info for world_nether
[2012-09-03 21:08:57] Log opened
[2012-09-03 21:09:03] Loaded world info for world
[2012-09-03 21:09:03] Loaded world info for world_the_end
[2012-09-03 21:09:03] Loaded world info for world_nether
[2012-09-03 14:26:08] Log opened
[2012-09-03 14:26:14] Loaded world info for world
[2012-09-03 14:26:14] Loaded world info for world_the_end
[2012-09-03 14:26:14] Loaded world info for world_nether
[2012-09-05 01:08:20] Log opened
[2012-09-05 01:08:23] Loaded world info for world
[2012-09-05 01:08:23] Loaded world info for world_the_end
[2012-09-05 01:08:23] Loaded world info for world_nether
[2012-09-05 22:44:15] Log opened
[2012-09-05 22:44:21] Loaded world info for world
[2012-09-05 22:44:21] Loaded world info for world_the_end
[2012-09-05 22:44:21] Loaded world info for world_nether
[2012-09-06 08:08:30] Log opened
[2012-09-06 08:08:35] Loaded world info for world
[2012-09-06 08:08:35] Loaded world info for world_the_end
[2012-09-06 08:08:35] Loaded world info for world_nether
[2012-09-06 22:04:07] Loader added by nightkhaos at [172,65,306] in world, owner=nightkhaos, radius=0
[2012-09-06 22:04:12] Loader updated by nightkhaos at [172,65,306] in world, owner=nightkhaos, radius=1
[2012-09-06 22:04:13] Loader updated by nightkhaos at [172,65,306] in world, owner=nightkhaos, radius=2
[2012-09-06 22:04:17] Loader updated by nightkhaos at [172,65,306] in world, owner=nightkhaos, radius=3
[2012-09-06 22:04:18] Loader updated by nightkhaos at [172,65,306] in world, owner=nightkhaos, radius=4
[2012-09-06 22:04:20] Loader updated by nightkhaos at [172,65,306] in world, owner=nightkhaos, radius=3
[2012-09-06 22:04:20] Loader updated by nightkhaos at [172,65,306] in world, owner=nightkhaos, radius=2
[2012-09-06 22:04:20] Loader updated by nightkhaos at [172,65,306] in world, owner=nightkhaos, radius=1
[2012-09-06 22:04:21] Loader updated by nightkhaos at [172,65,306] in world, owner=nightkhaos, radius=0
[2012-09-06 22:04:24] Loader updated by nightkhaos at [172,65,306] in world, owner=nightkhaos, radius=0
[2012-09-06 22:05:05] Loader updated by H4ZM4T at [172,65,306] in world, owner=nightkhaos, radius=1
[2012-09-06 22:05:06] Loader updated by H4ZM4T at [172,65,306] in world, owner=H4ZM4T, radius=1
[2012-09-06 22:05:08] Loader updated by H4ZM4T at [172,65,306] in world, owner=H4ZM4T, radius=2
[2012-09-06 22:05:16] Loader updated by H4ZM4T at [172,65,306] in world, owner=H4ZM4T, radius=3
[2012-09-06 22:05:17] Loader updated by H4ZM4T at [172,65,306] in world, owner=H4ZM4T, radius=4
[2012-09-06 22:05:40] Loader updated by H4ZM4T at [172,65,306] in world, owner=H4ZM4T, radius=3
[2012-09-06 22:05:41] Loader updated by H4ZM4T at [172,65,306] in world, owner=H4ZM4T, radius=2
[2012-09-06 22:25:53] Loader updated by H4ZM4T at [172,65,306] in world, owner=H4ZM4T, radius=2
[2012-09-07 08:09:56] Log opened
[2012-09-07 08:09:58] Loaded world info for world
[2012-09-07 08:09:58] Loader validated at [172,65,306] in world, owner=H4ZM4T, radius=2
[2012-09-07 08:10:01] Loaded world info for world_the_end
[2012-09-07 08:10:01] Loaded world info for world_nether
[2012-09-07 18:48:15] Loader added by nightkhaos at [719,74,56] in world, owner=nightkhaos, radius=0
[2012-09-07 18:48:19] Loader updated by nightkhaos at [719,74,56] in world, owner=nightkhaos, radius=0
[2012-09-07 18:48:20] Loader updated by nightkhaos at [719,74,56] in world, owner=nightkhaos, radius=1
[2012-09-07 18:48:20] Loader updated by nightkhaos at [719,74,56] in world, owner=nightkhaos, radius=2
[2012-09-07 18:48:21] Loader updated by nightkhaos at [719,74,56] in world, owner=nightkhaos, radius=3
[2012-09-08 01:32:10] Loader added by nightkhaos at [344,55,183] in world, owner=nightkhaos, radius=0
[2012-09-08 01:32:13] Loader updated by nightkhaos at [344,55,183] in world, owner=nightkhaos, radius=1
[2012-09-08 01:32:13] Loader updated by nightkhaos at [344,55,183] in world, owner=nightkhaos, radius=2
[2012-09-08 01:32:13] Loader updated by nightkhaos at [344,55,183] in world, owner=nightkhaos, radius=3
[2012-09-08 01:32:14] Loader updated by nightkhaos at [344,55,183] in world, owner=nightkhaos, radius=4
[2012-09-08 01:32:15] Loader updated by nightkhaos at [344,55,183] in world, owner=nightkhaos, radius=3
[2012-09-08 01:32:17] Loader updated by nightkhaos at [344,55,183] in world, owner=nightkhaos, radius=3
[2012-09-08 08:09:42] Log opened
[2012-09-08 08:09:44] Loaded world info for world
[2012-09-08 08:09:44] Loader validated at [172,65,306] in world, owner=H4ZM4T, radius=2
[2012-09-08 08:09:45] Loader validated at [344,55,183] in world, owner=nightkhaos, radius=3
[2012-09-08 08:09:47] Loaded world info for world_the_end
[2012-09-08 08:09:47] Loaded world info for world_nether
[2012-09-08 14:16:38] Loader validated at [719,74,56] in world, owner=nightkhaos, radius=3
[2012-09-08 14:18:08] Loader invalidated/removed at [719,74,56] in world, owner=nightkhaos, radius=3
[2012-09-08 14:18:08] Loader removed by nightkhaos at [719,74,56] in world, owner=nightkhaos, radius=3
[2012-09-08 14:18:25] Loader added by nightkhaos at [717,72,56] in world, owner=nightkhaos, radius=0
[2012-09-08 14:18:29] Loader updated by nightkhaos at [717,72,56] in world, owner=nightkhaos, radius=0
[2012-09-08 14:18:30] Loader updated by nightkhaos at [717,72,56] in world, owner=nightkhaos, radius=1
[2012-09-08 14:18:30] Loader updated by nightkhaos at [717,72,56] in world, owner=nightkhaos, radius=2
[2012-09-08 14:18:31] Loader updated by nightkhaos at [717,72,56] in world, owner=nightkhaos, radius=3
[2012-09-08 17:13:26] Log opened
[2012-09-08 17:13:28] Loaded world info for world
[2012-09-08 17:13:28] Loader validated at [172,65,306] in world, owner=H4ZM4T, radius=2
[2012-09-08 17:13:29] Loader validated at [344,55,183] in world, owner=nightkhaos, radius=3
[2012-09-08 17:13:33] Loaded world info for world_the_end
[2012-09-08 17:13:33] Loaded world info for world_nether
[2012-09-08 17:14:21] Loader validated at [717,72,56] in world, owner=nightkhaos, radius=3
[2012-09-08 18:48:16] Log opened
[2012-09-08 18:48:18] Loaded world info for world
[2012-09-08 18:48:18] Loader validated at [172,65,306] in world, owner=H4ZM4T, radius=2
[2012-09-08 18:48:19] Loader validated at [344,55,183] in world, owner=nightkhaos, radius=3
[2012-09-08 18:48:21] Loaded world info for world_the_end
[2012-09-08 18:48:21] Loaded world info for world_nether
[2012-09-08 18:48:28] Loader validated at [717,72,56] in world, owner=nightkhaos, radius=3
[2012-09-08 18:59:12] Log opened
[2012-09-08 18:59:13] Loaded world info for world
[2012-09-08 18:59:13] Loader validated at [172,65,306] in world, owner=H4ZM4T, radius=2
[2012-09-08 18:59:14] Loader validated at [344,55,183] in world, owner=nightkhaos, radius=3
[2012-09-08 18:59:16] Loaded world info for world_the_end
[2012-09-08 18:59:16] Loaded world info for world_nether
[2012-09-08 19:01:25] Log opened
[2012-09-08 19:01:27] Loaded world info for world
[2012-09-08 19:01:27] Loader validated at [172,65,306] in world, owner=H4ZM4T, radius=2
[2012-09-08 19:01:28] Loader validated at [344,55,183] in world, owner=nightkhaos, radius=3
[2012-09-08 19:01:33] Loaded world info for world_the_end
[2012-09-08 19:01:33] Loaded world info for world_nether
[2012-09-08 19:01:35] Loader validated at [717,72,56] in world, owner=nightkhaos, radius=3
[2012-09-08 19:01:39] Loader validated at [717,72,56] in world, owner=nightkhaos, radius=3
[2012-09-08 19:02:11] Loader validated at [717,72,56] in world, owner=nightkhaos, radius=3
[2012-09-08 23:28:35] Loader added by nightkhaos at [940,129,-16] in world, owner=nightkhaos, radius=0
[2012-09-08 23:28:38] Loader updated by nightkhaos at [940,129,-16] in world, owner=nightkhaos, radius=0
[2012-09-08 23:28:39] Loader updated by nightkhaos at [940,129,-16] in world, owner=nightkhaos, radius=1
[2012-09-09 01:48:30] Loader invalidated/removed at [940,129,-16] in world, owner=nightkhaos, radius=1
[2012-09-09 01:48:30] Loader removed by nightkhaos at [940,129,-16] in world, owner=nightkhaos, radius=1
[2012-09-09 08:17:23] Log opened
[2012-09-09 08:17:25] Loaded world info for world
[2012-09-09 08:17:25] Loader validated at [172,65,306] in world, owner=H4ZM4T, radius=2
[2012-09-09 08:17:26] Loader validated at [344,55,183] in world, owner=nightkhaos, radius=3
[2012-09-09 08:17:32] Loaded world info for world_the_end
[2012-09-09 08:17:32] Loaded world info for world_nether
[2012-09-09 12:38:48] Loader validated at [717,72,56] in world, owner=nightkhaos, radius=3
[2012-09-09 13:31:02] Log opened
[2012-09-09 13:31:04] Loaded world info for world
[2012-09-09 13:31:04] Loader validated at [172,65,306] in world, owner=H4ZM4T, radius=2
[2012-09-09 13:31:04] Loader validated at [344,55,183] in world, owner=nightkhaos, radius=3
[2012-09-09 13:31:10] Loaded world info for world_the_end
[2012-09-09 13:31:10] Loaded world info for world_nether
[2012-09-09 13:31:10] Loader validated at [717,72,56] in world, owner=nightkhaos, radius=3
[2012-09-09 13:31:13] Loader validated at [717,72,56] in world, owner=nightkhaos, radius=3
[2012-09-09 13:31:19] Loader validated at [717,72,56] in world, owner=nightkhaos, radius=3
[2012-09-09 13:31:28] Loader validated at [717,72,56] in world, owner=nightkhaos, radius=3
[2012-09-09 16:00:27] Log opened
[2012-09-09 16:00:29] Loaded world info for world
[2012-09-09 16:00:29] Loader validated at [172,65,306] in world, owner=H4ZM4T, radius=2
[2012-09-09 16:00:30] Loader validated at [344,55,183] in world, owner=nightkhaos, radius=3
[2012-09-09 16:00:36] Loaded world info for world_the_end
[2012-09-09 16:00:36] Loaded world info for world_nether
[2012-09-09 16:03:31] Loader validated at [717,72,56] in world, owner=nightkhaos, radius=3
[2012-09-10 01:12:34] Log opened
[2012-09-10 01:12:35] Loaded world info for world
[2012-09-10 01:12:35] Loader validated at [172,65,306] in world, owner=H4ZM4T, radius=2
[2012-09-10 01:12:36] Loader validated at [344,55,183] in world, owner=nightkhaos, radius=3
[2012-09-10 01:12:42] Loaded world info for world_the_end
[2012-09-10 01:12:42] Loaded world info for world_nether
[2012-09-10 01:12:42] Loader validated at [717,72,56] in world, owner=nightkhaos, radius=3
[2012-09-10 01:12:51] Loader validated at [717,72,56] in world, owner=nightkhaos, radius=3
[2012-09-10 01:12:52] Loader validated at [717,72,56] in world, owner=nightkhaos, radius=3
[2012-09-10 01:13:09] Loader validated at [717,72,56] in world, owner=nightkhaos, radius=3
