2012-09-03 11:39:26,570	INFO	Starting backup process for: 03-09-12-11-39-26
2012-09-03 11:39:29,699	INFO	Current Backups: 
2012-09-03 11:39:30,060	INFO	Tar check done.
2012-09-03 11:39:30,060	INFO	Pushing to git.
2012-09-03 11:39:30,060	INFO	Git push done.
2012-09-03 11:39:35,204	INFO	Backup done.
2012-09-03 11:39:35,204	INFO	
2012-09-03 12:30:45,934	INFO	Starting backup process for: 03-09-12-12-30-45
2012-09-03 12:30:49,025	INFO	Current Backups: 
2012-09-03 12:30:49,025	INFO	    03-09-12-11-39-26:1346636369.tar
2012-09-03 12:30:49,026	INFO	Tar check done.
2012-09-03 12:30:49,026	INFO	Pushing to git.
2012-09-03 12:30:54,032	CRITICAL	Error:(<type 'exceptions.AttributeError'>, AttributeError("'module' object has no attribute 'chir'",), <traceback object at 0x7f17075dda28>)
2012-09-03 12:30:54,196	CRITICAL	An exception occured. Backup aborted.
2012-09-03 12:30:54,196	INFO	
2012-09-03 12:31:22,866	INFO	Starting backup process for: 03-09-12-12-31-22
2012-09-03 12:31:25,948	INFO	Current Backups: 
2012-09-03 12:31:25,948	INFO	    03-09-12-11-39-26:1346636369.tar
2012-09-03 12:31:25,948	INFO	Tar check done.
2012-09-03 12:31:25,949	INFO	Pushing to git.
2012-09-03 12:31:28,023	CRITICAL	Failed to send command: [git commit  -m 2012-09-03 12:31]
2012-09-03 12:31:54,620	CRITICAL	Error:(<type 'exceptions.AttributeError'>, AttributeError("'module' object has no attribute 'chir'",), <traceback object at 0x7f9b6da9aa28>)
2012-09-03 12:31:54,785	CRITICAL	An exception occured. Backup aborted.
2012-09-03 12:31:54,785	INFO	
2012-09-03 12:32:32,139	INFO	Starting backup process for: 03-09-12-12-32-32
2012-09-03 12:32:35,242	INFO	Current Backups: 
2012-09-03 12:32:35,242	INFO	    03-09-12-11-39-26:1346636369.tar
2012-09-03 12:32:35,242	INFO	Tar check done.
2012-09-03 12:32:35,242	INFO	Pushing to git.
2012-09-03 12:32:37,405	CRITICAL	Failed to send command: [git commit  -m 2012-09-03 12:32]
2012-09-03 12:32:43,955	INFO	Git push done.
2012-09-03 12:32:49,100	INFO	Backup done.
2012-09-03 12:32:49,100	INFO	
2012-09-03 12:34:00,598	INFO	Starting backup process for: 03-09-12-12-34-00
2012-09-03 12:34:03,693	INFO	Current Backups: 
2012-09-03 12:34:03,694	INFO	    03-09-12-11-39-26:1346636369.tar
2012-09-03 12:34:03,694	INFO	Tar check done.
2012-09-03 12:34:03,694	INFO	Pushing to git.
2012-09-03 12:34:05,796	CRITICAL	Failed to send command: [git commit  -m 2012-09-03 12:34]
2012-09-03 12:34:05,802	CRITICAL	Failed to send command: [git push -u master origin]
2012-09-03 12:34:07,125	INFO	Git push done.
2012-09-03 12:34:12,244	INFO	Backup done.
2012-09-03 12:34:12,244	INFO	
2012-09-03 12:34:45,869	INFO	Starting backup process for: 03-09-12-12-34-45
2012-09-03 12:34:49,044	INFO	Current Backups: 
2012-09-03 12:34:49,044	INFO	    03-09-12-11-39-26:1346636369.tar
2012-09-03 12:34:49,044	INFO	Tar check done.
2012-09-03 12:34:49,045	INFO	Pushing to git.
2012-09-03 12:34:51,239	CRITICAL	Failed to send command: [git commit  -m 2012-09-03 12:34]
2012-09-03 12:34:58,082	INFO	Git push done.
2012-09-03 12:35:03,192	INFO	Backup done.
2012-09-03 12:35:03,192	INFO	
2012-09-03 12:36:11,908	INFO	Starting backup process for: 03-09-12-12-36-11
2012-09-03 12:36:15,018	INFO	Current Backups: 
2012-09-03 12:36:15,018	INFO	    03-09-12-11-39-26:1346636369.tar
2012-09-03 12:36:15,018	INFO	Tar check done.
2012-09-03 12:36:15,018	INFO	Pushing to git.
2012-09-03 12:37:20,494	INFO	Git push done.
2012-09-03 12:37:25,616	INFO	Backup done.
2012-09-03 12:37:25,616	INFO	
2012-09-03 21:08:00,216	INFO	Starting backup process for: 03-09-12-21-08-00
2012-09-03 21:08:03,313	INFO	Current Backups: 
2012-09-03 21:08:03,313	INFO	    03-09-12-11-39-26:1346636369.tar
2012-09-03 21:08:03,314	INFO	Tar check done.
2012-09-03 21:08:03,314	INFO	Pushing to git.
